#
# A fatal error has been detected by the Java Runtime Environment:
#
#  EXCEPTION_ACCESS_VIOLATION (0xc0000005) at pc=0x00007ffde2d052a0, pid=18484, tid=20712
#
# JRE version: OpenJDK Runtime Environment Temurin-21.0.6+7 (21.0.6+7) (build 21.0.6+7-LTS)
# Java VM: OpenJDK 64-Bit Server VM Temurin-21.0.6+7 (21.0.6+7-LTS, mixed mode, emulated-client, sharing, tiered, compressed oops, compressed class ptrs, g1 gc, windows-amd64)
# Problematic frame:
# V  [jvm.dll+0xc52a0]
#
# No core dump will be written. Minidumps are not enabled by default on client versions of Windows
#
# If you would like to submit a bug report, please visit:
#   https://github.com/adoptium/adoptium-support/issues
#

---------------  S U M M A R Y ------------

Command Line: -XX:TieredStopAtLevel=1 com.dailyapp.loginapp.LoginappApplication

Host: AMD Ryzen 5 3600X 6-Core Processor             , 12 cores, 15G,  Windows 11 , 64 bit Build 22621 (10.0.22621.4974)
Time: Mon Mar 31 21:12:10 2025 Hora est. Pacífico, Sudamérica elapsed time: 0.163697 seconds (0d 0h 0m 0s)

---------------  T H R E A D  ---------------

Current thread (0x00000194e3aff7d0):  JavaThread "main"             [_thread_in_vm, id=20712, stack(0x0000004043600000,0x0000004043700000) (1024K)]

Stack: [0x0000004043600000,0x0000004043700000],  sp=0x00000040436fd8a0,  free space=1014k
Native frames: (J=compiled Java code, j=interpreted, Vv=VM code, C=native code)
V  [jvm.dll+0xc52a0]
V  [jvm.dll+0xc5731]
V  [jvm.dll+0x724e8c]
V  [jvm.dll+0x3c3b68]
V  [jvm.dll+0x3c2957]
V  [jvm.dll+0x3c28f8]
V  [jvm.dll+0x5d58f9]
V  [jvm.dll+0x5d47fc]
V  [jvm.dll+0x3d8465]
V  [jvm.dll+0x3d7add]
C  0x00000194ec1f8480

The last pc belongs to invokestatic (printed below).
Java frames: (J=compiled Java code, j=interpreted, Vv=VM code)
j  ch.qos.logback.classic.util.ContextInitializer.checkVersions()V+11
j  ch.qos.logback.classic.util.ContextInitializer.autoConfig(Ljava/lang/ClassLoader;)V+6
j  ch.qos.logback.classic.util.ContextInitializer.autoConfig()V+6
j  ch.qos.logback.classic.spi.LogbackServiceProvider.initializeLoggerContext()V+11
j  ch.qos.logback.classic.spi.LogbackServiceProvider.initialize()V+21
j  org.slf4j.LoggerFactory.bind()V+40
j  org.slf4j.LoggerFactory.performInitialization()V+0
j  org.slf4j.LoggerFactory.getProvider()Lorg/slf4j/spi/SLF4JServiceProvider;+21
j  org.slf4j.LoggerFactory.getILoggerFactory()Lorg/slf4j/ILoggerFactory;+0
j  org.slf4j.LoggerFactory.getLogger(Ljava/lang/String;)Lorg/slf4j/Logger;+0
j  org.apache.commons.logging.LogAdapter$Slf4jAdapter.createLocationAwareLog(Ljava/lang/String;)Lorg/apache/commons/logging/Log;+1
j  org.apache.commons.logging.LogAdapter$$Lambda+0x0000019481007128.apply(Ljava/lang/Object;)Ljava/lang/Object;+4
j  org.apache.commons.logging.LogAdapter.createLog(Ljava/lang/String;)Lorg/apache/commons/logging/Log;+4
j  org.apache.commons.logging.LogFactory.getLog(Ljava/lang/String;)Lorg/apache/commons/logging/Log;+1
j  org.apache.commons.logging.LogFactory.getLog(Ljava/lang/Class;)Lorg/apache/commons/logging/Log;+4
j  org.springframework.boot.SpringApplication.<clinit>()V+2
v  ~StubRoutines::call_stub 0x00000194ec1e100d
j  com.dailyapp.loginapp.LoginappApplication.main([Ljava/lang/String;)V+3
v  ~StubRoutines::call_stub 0x00000194ec1e100d

siginfo: EXCEPTION_ACCESS_VIOLATION (0xc0000005), reading address 0x0000000001000000


Registers:
RAX=0x0000000000000001, RBX=0x00007ffde38680d0, RCX=0x00007ffeae1905a4, RDX=0x0000000000000000
RSP=0x00000040436fd8a0, RBP=0x00007ffde3868118, RSI=0x0000000001000000, RDI=0x0000000001000000
R8 =0x00000040436fd868, R9 =0x0000000000000000, R10=0x0000000000000000, R11=0x0000000000000246
R12=0x00000000000003d8, R13=0x00000194f8482b7b, R14=0x00007ffde38680d8, R15=0x00007ffde38680d0
RIP=0x00007ffde2d052a0, EFLAGS=0x0000000000010206

XMM[0]=0x0000000000000000 0x0000000000000000
XMM[1]=0x0000000000000000 0x0000000000000000
XMM[2]=0x0000000000000000 0x0000000000000000
XMM[3]=0x0000000000000000 0x0000000000000000
XMM[4]=0x0000000000000000 0x0000000000000000
XMM[5]=0x0000000000000000 0x0000000000000000
XMM[6]=0x0000000000000000 0x0000000000000000
XMM[7]=0x0000000000000000 0x0000000000000000
XMM[8]=0x0000000000000000 0x0000000000000000
XMM[9]=0x0000000000000000 0x0000000000000000
XMM[10]=0x0000000000000000 0x0000000000000000
XMM[11]=0x0000000000000000 0x0000000000000000
XMM[12]=0x0000000000000000 0x0000000000000000
XMM[13]=0x0000000000000000 0x0000000000000000
XMM[14]=0x0000000000000000 0x0000000000000000
XMM[15]=0x0000000000000000 0x0000000000000000
  MXCSR=0x00001fa0


Register to memory mapping:

RAX=0x0000000000000001 is an unknown value
RBX=0x00007ffde38680d0 jvm.dll
RCX=0x00007ffeae1905a4 ntdll.dll
RDX=0x0 is null
RSP=0x00000040436fd8a0 is pointing into the stack for thread: 0x00000194e3aff7d0
RBP=0x00007ffde3868118 jvm.dll
RSI=0x0000000001000000 is an unknown value
RDI=0x0000000001000000 is an unknown value
R8 =0x00000040436fd868 is pointing into the stack for thread: 0x00000194e3aff7d0
R9 =0x0 is null
R10=0x0 is null
R11=0x0000000000000246 is an unknown value
R12=0x00000000000003d8 is an unknown value
R13=0x00000194f8482b7b is pointing into metadata
R14=0x00007ffde38680d8 jvm.dll
R15=0x00007ffde38680d0 jvm.dll

Top of Stack: (sp=0x00000040436fd8a0)
0x00000040436fd8a0:   00007ffde38680d0 0000000bffffffff
0x00000040436fd8b0:   0000000000000009 0000000000000000
0x00000040436fd8c0:   00000194e16fa538 0000019481008800
0x00000040436fd8d0:   00000194e16fa160 00000194e3aff7d0
0x00000040436fd8e0:   00000194e16fa150 00007ffde2d05731
0x00000040436fd8f0:   00000194f8482b7b 00000000000003d8
0x00000040436fd900:   00000194e16fa150 00000194e16fa160
0x00000040436fd910:   00000194e16dd260 00007ffde3364e8c
0x00000040436fd920:   00000194e16dd260 00000194e16dd260
0x00000040436fd930:   0000000000000000 00000194f848b670
0x00000040436fd940:   00000194f848b740 00000194e3aff7d0
0x00000040436fd950:   00000194f848b060 00000194e3aff7d0
0x00000040436fd960:   0000019481008800 00000194f848b060
0x00000040436fd970:   00000194e3aff7d0 00000194f848b670
0x00000040436fd980:   00000100000000ab 00000194f7567ed8
0x00000040436fd990:   0000000000000000 0000005500000015
0x00000040436fd9a0:   00000194f7567560 0000000000000000
0x00000040436fd9b0:   00000100000000ab 00000194f75682d8
0x00000040436fd9c0:   0000000000000000 0000005500000006
0x00000040436fd9d0:   00000194f7567960 0000000000000000
0x00000040436fd9e0:   0000005500000000 00000194f7567ab8
0x00000040436fd9f0:   0000000000000000 000000aa00000000
0x00000040436fda00:   00000194f7567c10 0000000000000000
0x00000040436fda10:   0000000000000006 0000000200000000
0x00000040436fda20:   00000194f7567eb8 0000000000000000
0x00000040436fda30:   0000019400000015 0000019481008800
0x00000040436fda40:   0000019480611d68 0000019481008800
0x00000040436fda50:   0000000000000000 000000071089e5d0
0x00000040436fda60:   00000194e3aff7d0 00007ffde3003b68
0x00000040436fda70:   00000194f848b060 00000194e3affe68
0x00000040436fda80:   00000040436fdb70 0000000000000000
0x00000040436fda90:   00000194e3aff700 0000019480918998 

Instructions: (pc=0x00007ffde2d052a0)
0x00007ffde2d051a0:   00 0f 84 b0 00 00 00 48 83 3d f1 76 bd 00 00 76
0x00007ffde2d051b0:   59 48 89 5c 24 30 48 8d 0d f3 78 bd 00 48 89 7c
0x00007ffde2d051c0:   24 38 48 8b 3d ef 7f bd 00 48 8b 1d e0 7f bd 00
0x00007ffde2d051d0:   48 03 db e8 18 60 58 00 48 8d 14 d8 48 8b 5c 24
0x00007ffde2d051e0:   30 48 03 d7 48 8b 7c 24 38 48 8d 04 32 48 3b 05
0x00007ffde2d051f0:   ac 76 bd 00 76 61 4c 8d 05 a3 76 bd 00 48 8b ce
0x00007ffde2d05200:   48 83 c4 20 5e e9 16 60 58 00 4d 8b ca 48 8d 05
0x00007ffde2d05210:   9c 76 bd 00 49 c1 e1 04 49 8b ca 4c 03 c8 49 83
0x00007ffde2d05220:   39 00 76 33 48 c1 e1 06 48 8d 05 81 78 bd 00 48
0x00007ffde2d05230:   03 c8 48 8b 41 08 4c 8b 41 28 4c 03 c0 49 8d 04
0x00007ffde2d05240:   30 49 3b 01 76 11 48 8b d6 41 0f b6 ca 48 83 c4
0x00007ffde2d05250:   20 5e e9 79 57 58 00 32 c0 48 83 c4 20 5e c3 cc
0x00007ffde2d05260:   48 85 c9 0f 84 99 00 00 00 57 48 83 ec 40 48 89
0x00007ffde2d05270:   6c 24 38 48 8b f9 48 89 74 24 30 48 8d 2d 96 2e
0x00007ffde2d05280:   b6 00 4c 89 74 24 28 4c 8d 35 4a 2e b6 00 4c 89
0x00007ffde2d05290:   7c 24 20 4c 8d 3d 36 2e b6 00 48 89 5c 24 60 90
0x00007ffde2d052a0:   48 8b 37 33 c9 48 8b 57 08 49 8b c6 0f 1f 40 00
0x00007ffde2d052b0:   48 39 10 74 4e ff c1 48 83 c0 10 48 3b c5 7c f0
0x00007ffde2d052c0:   48 8d 4c 24 58 e8 86 d6 78 00 48 8b cf e8 ce 9f
0x00007ffde2d052d0:   5f 00 48 8d 4c 24 58 e8 e4 d6 78 00 48 8b fe 48
0x00007ffde2d052e0:   85 f6 75 bc 4c 8b 7c 24 20 4c 8b 74 24 28 48 8b
0x00007ffde2d052f0:   74 24 30 48 8b 6c 24 38 48 8b 5c 24 60 48 83 c4
0x00007ffde2d05300:   40 5f c3 48 63 d9 48 c1 e3 04 49 03 df 74 b1 48
0x00007ffde2d05310:   8d 4c 24 50 e8 37 d6 78 00 48 8b 03 48 8d 4c 24
0x00007ffde2d05320:   50 48 89 07 48 89 3b eb ae cc cc cc cc cc cc cc
0x00007ffde2d05330:   4c 8b 49 10 4c 8b c2 4d 85 c9 74 3e 49 8d 41 10
0x00007ffde2d05340:   48 3b c2 77 06 48 3b 51 18 72 2c 48 8b 41 08 48
0x00007ffde2d05350:   85 c0 74 26 49 3b c1 74 19 48 8d 48 10 49 3b c8
0x00007ffde2d05360:   77 10 48 8b 50 08 48 83 c2 10 48 03 d0 4c 3b c2
0x00007ffde2d05370:   72 05 48 8b 00 eb d8 b0 01 c3 32 c0 c3 cc cc cc
0x00007ffde2d05380:   48 89 5c 24 08 48 89 74 24 10 57 48 83 ec 20 48
0x00007ffde2d05390:   8b 41 28 48 8d 35 36 77 bd 00 33 ff 48 8b d9 48 


Stack slot to memory mapping:

stack at sp + 0 slots: 0x00007ffde38680d0 jvm.dll
stack at sp + 1 slots: 0x0000000bffffffff is an unknown value
stack at sp + 2 slots: 0x0000000000000009 is an unknown value
stack at sp + 3 slots: 0x0 is null
stack at sp + 4 slots: 0x00000194e16fa538 points into unknown readable memory: 0x0000952709528df9 | f9 8d 52 09 27 95 00 00
stack at sp + 5 slots: 0x0000019481008800 is a pointer to class: 
ch.qos.logback.core.util.EnvUtil {0x0000019481008808}
 - instance size:     2
 - klass size:        63
 - access:            public synchronized 
 - flags:             should_verify_class has_localvariable_table has_vanilla_constructor 
 - state:             loaded
 - name:              'ch/qos/logback/core/util/EnvUtil'
 - super:             'java/lang/Object'
 - sub:               
 - arrays:            null
 - methods:           Array<T>(0x00000194f848b670)
 - method ordering:   Array<T>(0x0000019480b27ce0)
 - local interfaces:  Array<T>(0x0000019480611d68)
 - trans. interfaces: Array<T>(0x0000019480611d68)
 - constants:         constant pool [170] {0x00000194f848b068} for 'ch/qos/logback/core/util/EnvUtil' cache=0x00000194f848c338
 - class loader data:  loader data: 0x00000194f720df10 for instance a 'jdk/internal/loader/ClassLoaders$AppClassLoader'{0x00000007113cf958}
 - source file:       'EnvUtil.java'
 - inner classes:     Array<T>(0x0000019480611cf0)
 - nest members:     Array<T>(0x0000019480611cf0)
 - permitted subclasses:     Array<T>(0x0000019480611cf0)
 - java mirror:       a 'java/lang/Class'{0x000000071089e560} = 'ch/qos/logback/core/util/EnvUtil'
 - vtable length      5  (start addr: 0x00000194810089c0)
 - itable length      2 (start addr: 0x00000194810089e8)
 - ---- static fields (0 words):
 - ---- non-static fields (0 words):
 - non-static oop maps: 
stack at sp + 6 slots: 0x00000194e16fa160 points into unknown readable memory: 0x0000000000000000 | 00 00 00 00 00 00 00 00
stack at sp + 7 slots: 0x00000194e3aff7d0 is a thread

invokestatic  184 invokestatic  [0x00000194ec1f83e0, 0x00000194ec1f8540]  352 bytes
[MachCode]
  0x00000194ec1f83e0: 4883 ec08 | c5fa 1104 | 24eb 1f48 | 83ec 10c5 | fb11 0424 | eb14 4883 | ec10 4889 | 0424 48c7 
  0x00000194ec1f8400: 4424 0800 | 0000 00eb | 0150 4c89 | 6dc0 410f | b755 0148 | 8b4d d0c1 | e202 8b5c | d138 c1eb 
  0x00000194ec1f8420: 1081 e3ff | 0000 0081 | fbb8 0000 | 000f 84b4 | 0000 00bb | b800 0000 | e805 0000 | 00e9 9900 
  0x00000194ec1f8440: 0000 488b | d348 8d44 | 2408 4c89 | 6dc0 498b | cfc5 f877 | 4989 afa8 | 0300 0049 | 8987 9803 
  0x00000194ec1f8460: 0000 4883 | ec20 40f6 | c40f 0f84 | 1900 0000 | 4883 ec08 | 48b8 707a | 01e3 fd7f | 0000 ffd0 
  0x00000194ec1f8480: 4883 c408 | e90c 0000 | 0048 b870 | 7a01 e3fd | 7f00 00ff | d048 83c4 | 2049 c787 | 9803 0000 
  0x00000194ec1f84a0: 0000 0000 | 49c7 87a8 | 0300 0000 | 0000 0049 | c787 a003 | 0000 0000 | 0000 c5f8 | 7749 837f 
  0x00000194ec1f84c0: 0800 0f84 | 0500 0000 | e933 8afe | ff4c 8b6d | c04c 8b75 | c84e 8d74 | f500 c341 | 0fb7 5501 
  0x00000194ec1f84e0: 488b 4dd0 | c1e2 0248 | 8b5c d140 | 488b 5b08 | 488b 5b08 | 488b 5b18 | 80bb 2101 | 0000 040f 
  0x00000194ec1f8500: 840d 0000 | 004c 3bbb | 2801 0000 | 0f85 21ff | ffff 488b | 5cd1 408b | 54d1 50c1 | ea1c 49ba 
  0x00000194ec1f8520: 40e0 8fe3 | fd7f 0000 | 498b 14d2 | 524c 8d6c | 2408 4c89 | 6df0 ff63 | 500f 1f80 | 0000 0000 
[/MachCode]

---------------  P R O C E S S  ---------------

Threads class SMR info:
_java_thread_list=0x00000194f72f87e0, length=11, elements={
0x00000194e3aff7d0, 0x00000194f71e78e0, 0x00000194f71e87f0, 0x00000194f71eb7f0,
0x00000194f71eebc0, 0x00000194f71f1720, 0x00000194f71f2170, 0x00000194f71fe0d0,
0x00000194f7309b80, 0x00000194f732a290, 0x00000194f732cac0
}

Java Threads: ( => current thread )
=>0x00000194e3aff7d0 JavaThread "main"                              [_thread_in_vm, id=20712, stack(0x0000004043600000,0x0000004043700000) (1024K)]
  0x00000194f71e78e0 JavaThread "Reference Handler"          daemon [_thread_blocked, id=8504, stack(0x0000004043e00000,0x0000004043f00000) (1024K)]
  0x00000194f71e87f0 JavaThread "Finalizer"                  daemon [_thread_blocked, id=14324, stack(0x0000004043f00000,0x0000004044000000) (1024K)]
  0x00000194f71eb7f0 JavaThread "Signal Dispatcher"          daemon [_thread_blocked, id=10176, stack(0x0000004044000000,0x0000004044100000) (1024K)]
  0x00000194f71eebc0 JavaThread "Attach Listener"            daemon [_thread_blocked, id=20348, stack(0x0000004044100000,0x0000004044200000) (1024K)]
  0x00000194f71f1720 JavaThread "Service Thread"             daemon [_thread_blocked, id=20800, stack(0x0000004044200000,0x0000004044300000) (1024K)]
  0x00000194f71f2170 JavaThread "Monitor Deflation Thread"   daemon [_thread_blocked, id=19864, stack(0x0000004044300000,0x0000004044400000) (1024K)]
  0x00000194f71fe0d0 JavaThread "C1 CompilerThread0"         daemon [_thread_blocked, id=6300, stack(0x0000004044400000,0x0000004044500000) (1024K)]
  0x00000194f7309b80 JavaThread "C1 CompilerThread1"         daemon [_thread_blocked, id=3220, stack(0x0000004044500000,0x0000004044600000) (1024K)]
  0x00000194f732a290 JavaThread "Notification Thread"        daemon [_thread_blocked, id=11132, stack(0x0000004044600000,0x0000004044700000) (1024K)]
  0x00000194f732cac0 JavaThread "Common-Cleaner"             daemon [_thread_blocked, id=15076, stack(0x0000004044700000,0x0000004044800000) (1024K)]
Total: 11

Other Threads:
  0x00000194f71ce3c0 VMThread "VM Thread"                           [id=21324, stack(0x0000004043d00000,0x0000004043e00000) (1024K)]
  0x00000194f71bceb0 WatcherThread "VM Periodic Task Thread"        [id=10596, stack(0x0000004043c00000,0x0000004043d00000) (1024K)]
  0x00000194e3b6f390 WorkerThread "GC Thread#0"                     [id=5500, stack(0x0000004043700000,0x0000004043800000) (1024K)]
  0x00000194e3b80bf0 ConcurrentGCThread "G1 Main Marker"            [id=5192, stack(0x0000004043800000,0x0000004043900000) (1024K)]
  0x00000194e3b81e90 WorkerThread "G1 Conc#0"                       [id=9076, stack(0x0000004043900000,0x0000004043a00000) (1024K)]
  0x00000194f7077a20 ConcurrentGCThread "G1 Refine#0"               [id=9460, stack(0x0000004043a00000,0x0000004043b00000) (1024K)]
  0x00000194f7078590 ConcurrentGCThread "G1 Service"                [id=9768, stack(0x0000004043b00000,0x0000004043c00000) (1024K)]
Total: 7

Threads with active compile tasks:
Total: 0

VM state: not at safepoint (normal execution)

VM Mutex/Monitor currently owned by a thread: None

Heap address: 0x0000000701400000, size: 4076 MB, Compressed Oops mode: Zero based, Oop shift amount: 3

CDS archive(s) mapped at: [0x0000019480000000-0x0000019480c80000-0x0000019480c80000), size 13107200, SharedBaseAddress: 0x0000019480000000, ArchiveRelocationMode: 1.
Compressed class space mapped at: 0x0000019481000000-0x00000194c1000000, reserved size: 1073741824
Narrow klass base: 0x0000019480000000, Narrow klass shift: 0, Narrow klass range: 0x100000000

GC Precious Log:
 CardTable entry size: 512
 Card Set container configuration: InlinePtr #cards 4 size 8 Array Of Cards #cards 16 size 48 Howl #buckets 8 coarsen threshold 3686 Howl Bitmap #cards 512 size 80 coarsen threshold 460 Card regions per heap region 1 cards per card region 4096
 CPUs: 12 total, 12 available
 Memory: 16296M
 Large Page Support: Disabled
 NUMA Support: Disabled
 Compressed Oops: Enabled (Zero based)
 Heap Region Size: 2M
 Heap Min Capacity: 8M
 Heap Initial Capacity: 256M
 Heap Max Capacity: 4076M
 Pre-touch: Disabled
 Parallel Workers: 10
 Concurrent Workers: 3
 Concurrent Refinement Workers: 10
 Periodic GC: Disabled

Heap:
 garbage-first heap   total 262144K, used 8192K [0x0000000701400000, 0x0000000800000000)
  region size 2048K, 6 young (12288K), 0 survivors (0K)
 Metaspace       used 1030K, committed 1088K, reserved 1114112K
  class space    used 93K, committed 128K, reserved 1048576K

Heap Regions: E=young(eden), S=young(survivor), O=old, HS=humongous(starts), HC=humongous(continues), CS=collection set, F=free, TAMS=top-at-mark-start, PB=parsable bottom
|   0|0x0000000701400000, 0x0000000701400000, 0x0000000701600000|  0%| F|  |TAMS 0x0000000701400000| PB 0x0000000701400000| Untracked 
|   1|0x0000000701600000, 0x0000000701600000, 0x0000000701800000|  0%| F|  |TAMS 0x0000000701600000| PB 0x0000000701600000| Untracked 
|   2|0x0000000701800000, 0x0000000701800000, 0x0000000701a00000|  0%| F|  |TAMS 0x0000000701800000| PB 0x0000000701800000| Untracked 
|   3|0x0000000701a00000, 0x0000000701a00000, 0x0000000701c00000|  0%| F|  |TAMS 0x0000000701a00000| PB 0x0000000701a00000| Untracked 
|   4|0x0000000701c00000, 0x0000000701c00000, 0x0000000701e00000|  0%| F|  |TAMS 0x0000000701c00000| PB 0x0000000701c00000| Untracked 
|   5|0x0000000701e00000, 0x0000000701e00000, 0x0000000702000000|  0%| F|  |TAMS 0x0000000701e00000| PB 0x0000000701e00000| Untracked 
|   6|0x0000000702000000, 0x0000000702000000, 0x0000000702200000|  0%| F|  |TAMS 0x0000000702000000| PB 0x0000000702000000| Untracked 
|   7|0x0000000702200000, 0x0000000702200000, 0x0000000702400000|  0%| F|  |TAMS 0x0000000702200000| PB 0x0000000702200000| Untracked 
|   8|0x0000000702400000, 0x0000000702400000, 0x0000000702600000|  0%| F|  |TAMS 0x0000000702400000| PB 0x0000000702400000| Untracked 
|   9|0x0000000702600000, 0x0000000702600000, 0x0000000702800000|  0%| F|  |TAMS 0x0000000702600000| PB 0x0000000702600000| Untracked 
|  10|0x0000000702800000, 0x0000000702800000, 0x0000000702a00000|  0%| F|  |TAMS 0x0000000702800000| PB 0x0000000702800000| Untracked 
|  11|0x0000000702a00000, 0x0000000702a00000, 0x0000000702c00000|  0%| F|  |TAMS 0x0000000702a00000| PB 0x0000000702a00000| Untracked 
|  12|0x0000000702c00000, 0x0000000702c00000, 0x0000000702e00000|  0%| F|  |TAMS 0x0000000702c00000| PB 0x0000000702c00000| Untracked 
|  13|0x0000000702e00000, 0x0000000702e00000, 0x0000000703000000|  0%| F|  |TAMS 0x0000000702e00000| PB 0x0000000702e00000| Untracked 
|  14|0x0000000703000000, 0x0000000703000000, 0x0000000703200000|  0%| F|  |TAMS 0x0000000703000000| PB 0x0000000703000000| Untracked 
|  15|0x0000000703200000, 0x0000000703200000, 0x0000000703400000|  0%| F|  |TAMS 0x0000000703200000| PB 0x0000000703200000| Untracked 
|  16|0x0000000703400000, 0x0000000703400000, 0x0000000703600000|  0%| F|  |TAMS 0x0000000703400000| PB 0x0000000703400000| Untracked 
|  17|0x0000000703600000, 0x0000000703600000, 0x0000000703800000|  0%| F|  |TAMS 0x0000000703600000| PB 0x0000000703600000| Untracked 
|  18|0x0000000703800000, 0x0000000703800000, 0x0000000703a00000|  0%| F|  |TAMS 0x0000000703800000| PB 0x0000000703800000| Untracked 
|  19|0x0000000703a00000, 0x0000000703a00000, 0x0000000703c00000|  0%| F|  |TAMS 0x0000000703a00000| PB 0x0000000703a00000| Untracked 
|  20|0x0000000703c00000, 0x0000000703c00000, 0x0000000703e00000|  0%| F|  |TAMS 0x0000000703c00000| PB 0x0000000703c00000| Untracked 
|  21|0x0000000703e00000, 0x0000000703e00000, 0x0000000704000000|  0%| F|  |TAMS 0x0000000703e00000| PB 0x0000000703e00000| Untracked 
|  22|0x0000000704000000, 0x0000000704000000, 0x0000000704200000|  0%| F|  |TAMS 0x0000000704000000| PB 0x0000000704000000| Untracked 
|  23|0x0000000704200000, 0x0000000704200000, 0x0000000704400000|  0%| F|  |TAMS 0x0000000704200000| PB 0x0000000704200000| Untracked 
|  24|0x0000000704400000, 0x0000000704400000, 0x0000000704600000|  0%| F|  |TAMS 0x0000000704400000| PB 0x0000000704400000| Untracked 
|  25|0x0000000704600000, 0x0000000704600000, 0x0000000704800000|  0%| F|  |TAMS 0x0000000704600000| PB 0x0000000704600000| Untracked 
|  26|0x0000000704800000, 0x0000000704800000, 0x0000000704a00000|  0%| F|  |TAMS 0x0000000704800000| PB 0x0000000704800000| Untracked 
|  27|0x0000000704a00000, 0x0000000704a00000, 0x0000000704c00000|  0%| F|  |TAMS 0x0000000704a00000| PB 0x0000000704a00000| Untracked 
|  28|0x0000000704c00000, 0x0000000704c00000, 0x0000000704e00000|  0%| F|  |TAMS 0x0000000704c00000| PB 0x0000000704c00000| Untracked 
|  29|0x0000000704e00000, 0x0000000704e00000, 0x0000000705000000|  0%| F|  |TAMS 0x0000000704e00000| PB 0x0000000704e00000| Untracked 
|  30|0x0000000705000000, 0x0000000705000000, 0x0000000705200000|  0%| F|  |TAMS 0x0000000705000000| PB 0x0000000705000000| Untracked 
|  31|0x0000000705200000, 0x0000000705200000, 0x0000000705400000|  0%| F|  |TAMS 0x0000000705200000| PB 0x0000000705200000| Untracked 
|  32|0x0000000705400000, 0x0000000705400000, 0x0000000705600000|  0%| F|  |TAMS 0x0000000705400000| PB 0x0000000705400000| Untracked 
|  33|0x0000000705600000, 0x0000000705600000, 0x0000000705800000|  0%| F|  |TAMS 0x0000000705600000| PB 0x0000000705600000| Untracked 
|  34|0x0000000705800000, 0x0000000705800000, 0x0000000705a00000|  0%| F|  |TAMS 0x0000000705800000| PB 0x0000000705800000| Untracked 
|  35|0x0000000705a00000, 0x0000000705a00000, 0x0000000705c00000|  0%| F|  |TAMS 0x0000000705a00000| PB 0x0000000705a00000| Untracked 
|  36|0x0000000705c00000, 0x0000000705c00000, 0x0000000705e00000|  0%| F|  |TAMS 0x0000000705c00000| PB 0x0000000705c00000| Untracked 
|  37|0x0000000705e00000, 0x0000000705e00000, 0x0000000706000000|  0%| F|  |TAMS 0x0000000705e00000| PB 0x0000000705e00000| Untracked 
|  38|0x0000000706000000, 0x0000000706000000, 0x0000000706200000|  0%| F|  |TAMS 0x0000000706000000| PB 0x0000000706000000| Untracked 
|  39|0x0000000706200000, 0x0000000706200000, 0x0000000706400000|  0%| F|  |TAMS 0x0000000706200000| PB 0x0000000706200000| Untracked 
|  40|0x0000000706400000, 0x0000000706400000, 0x0000000706600000|  0%| F|  |TAMS 0x0000000706400000| PB 0x0000000706400000| Untracked 
|  41|0x0000000706600000, 0x0000000706600000, 0x0000000706800000|  0%| F|  |TAMS 0x0000000706600000| PB 0x0000000706600000| Untracked 
|  42|0x0000000706800000, 0x0000000706800000, 0x0000000706a00000|  0%| F|  |TAMS 0x0000000706800000| PB 0x0000000706800000| Untracked 
|  43|0x0000000706a00000, 0x0000000706a00000, 0x0000000706c00000|  0%| F|  |TAMS 0x0000000706a00000| PB 0x0000000706a00000| Untracked 
|  44|0x0000000706c00000, 0x0000000706c00000, 0x0000000706e00000|  0%| F|  |TAMS 0x0000000706c00000| PB 0x0000000706c00000| Untracked 
|  45|0x0000000706e00000, 0x0000000706e00000, 0x0000000707000000|  0%| F|  |TAMS 0x0000000706e00000| PB 0x0000000706e00000| Untracked 
|  46|0x0000000707000000, 0x0000000707000000, 0x0000000707200000|  0%| F|  |TAMS 0x0000000707000000| PB 0x0000000707000000| Untracked 
|  47|0x0000000707200000, 0x0000000707200000, 0x0000000707400000|  0%| F|  |TAMS 0x0000000707200000| PB 0x0000000707200000| Untracked 
|  48|0x0000000707400000, 0x0000000707400000, 0x0000000707600000|  0%| F|  |TAMS 0x0000000707400000| PB 0x0000000707400000| Untracked 
|  49|0x0000000707600000, 0x0000000707600000, 0x0000000707800000|  0%| F|  |TAMS 0x0000000707600000| PB 0x0000000707600000| Untracked 
|  50|0x0000000707800000, 0x0000000707800000, 0x0000000707a00000|  0%| F|  |TAMS 0x0000000707800000| PB 0x0000000707800000| Untracked 
|  51|0x0000000707a00000, 0x0000000707a00000, 0x0000000707c00000|  0%| F|  |TAMS 0x0000000707a00000| PB 0x0000000707a00000| Untracked 
|  52|0x0000000707c00000, 0x0000000707c00000, 0x0000000707e00000|  0%| F|  |TAMS 0x0000000707c00000| PB 0x0000000707c00000| Untracked 
|  53|0x0000000707e00000, 0x0000000707e00000, 0x0000000708000000|  0%| F|  |TAMS 0x0000000707e00000| PB 0x0000000707e00000| Untracked 
|  54|0x0000000708000000, 0x0000000708000000, 0x0000000708200000|  0%| F|  |TAMS 0x0000000708000000| PB 0x0000000708000000| Untracked 
|  55|0x0000000708200000, 0x0000000708200000, 0x0000000708400000|  0%| F|  |TAMS 0x0000000708200000| PB 0x0000000708200000| Untracked 
|  56|0x0000000708400000, 0x0000000708400000, 0x0000000708600000|  0%| F|  |TAMS 0x0000000708400000| PB 0x0000000708400000| Untracked 
|  57|0x0000000708600000, 0x0000000708600000, 0x0000000708800000|  0%| F|  |TAMS 0x0000000708600000| PB 0x0000000708600000| Untracked 
|  58|0x0000000708800000, 0x0000000708800000, 0x0000000708a00000|  0%| F|  |TAMS 0x0000000708800000| PB 0x0000000708800000| Untracked 
|  59|0x0000000708a00000, 0x0000000708a00000, 0x0000000708c00000|  0%| F|  |TAMS 0x0000000708a00000| PB 0x0000000708a00000| Untracked 
|  60|0x0000000708c00000, 0x0000000708c00000, 0x0000000708e00000|  0%| F|  |TAMS 0x0000000708c00000| PB 0x0000000708c00000| Untracked 
|  61|0x0000000708e00000, 0x0000000708e00000, 0x0000000709000000|  0%| F|  |TAMS 0x0000000708e00000| PB 0x0000000708e00000| Untracked 
|  62|0x0000000709000000, 0x0000000709000000, 0x0000000709200000|  0%| F|  |TAMS 0x0000000709000000| PB 0x0000000709000000| Untracked 
|  63|0x0000000709200000, 0x0000000709200000, 0x0000000709400000|  0%| F|  |TAMS 0x0000000709200000| PB 0x0000000709200000| Untracked 
|  64|0x0000000709400000, 0x0000000709400000, 0x0000000709600000|  0%| F|  |TAMS 0x0000000709400000| PB 0x0000000709400000| Untracked 
|  65|0x0000000709600000, 0x0000000709600000, 0x0000000709800000|  0%| F|  |TAMS 0x0000000709600000| PB 0x0000000709600000| Untracked 
|  66|0x0000000709800000, 0x0000000709800000, 0x0000000709a00000|  0%| F|  |TAMS 0x0000000709800000| PB 0x0000000709800000| Untracked 
|  67|0x0000000709a00000, 0x0000000709a00000, 0x0000000709c00000|  0%| F|  |TAMS 0x0000000709a00000| PB 0x0000000709a00000| Untracked 
|  68|0x0000000709c00000, 0x0000000709c00000, 0x0000000709e00000|  0%| F|  |TAMS 0x0000000709c00000| PB 0x0000000709c00000| Untracked 
|  69|0x0000000709e00000, 0x0000000709e00000, 0x000000070a000000|  0%| F|  |TAMS 0x0000000709e00000| PB 0x0000000709e00000| Untracked 
|  70|0x000000070a000000, 0x000000070a000000, 0x000000070a200000|  0%| F|  |TAMS 0x000000070a000000| PB 0x000000070a000000| Untracked 
|  71|0x000000070a200000, 0x000000070a200000, 0x000000070a400000|  0%| F|  |TAMS 0x000000070a200000| PB 0x000000070a200000| Untracked 
|  72|0x000000070a400000, 0x000000070a400000, 0x000000070a600000|  0%| F|  |TAMS 0x000000070a400000| PB 0x000000070a400000| Untracked 
|  73|0x000000070a600000, 0x000000070a600000, 0x000000070a800000|  0%| F|  |TAMS 0x000000070a600000| PB 0x000000070a600000| Untracked 
|  74|0x000000070a800000, 0x000000070a800000, 0x000000070aa00000|  0%| F|  |TAMS 0x000000070a800000| PB 0x000000070a800000| Untracked 
|  75|0x000000070aa00000, 0x000000070aa00000, 0x000000070ac00000|  0%| F|  |TAMS 0x000000070aa00000| PB 0x000000070aa00000| Untracked 
|  76|0x000000070ac00000, 0x000000070ac00000, 0x000000070ae00000|  0%| F|  |TAMS 0x000000070ac00000| PB 0x000000070ac00000| Untracked 
|  77|0x000000070ae00000, 0x000000070ae00000, 0x000000070b000000|  0%| F|  |TAMS 0x000000070ae00000| PB 0x000000070ae00000| Untracked 
|  78|0x000000070b000000, 0x000000070b000000, 0x000000070b200000|  0%| F|  |TAMS 0x000000070b000000| PB 0x000000070b000000| Untracked 
|  79|0x000000070b200000, 0x000000070b200000, 0x000000070b400000|  0%| F|  |TAMS 0x000000070b200000| PB 0x000000070b200000| Untracked 
|  80|0x000000070b400000, 0x000000070b400000, 0x000000070b600000|  0%| F|  |TAMS 0x000000070b400000| PB 0x000000070b400000| Untracked 
|  81|0x000000070b600000, 0x000000070b600000, 0x000000070b800000|  0%| F|  |TAMS 0x000000070b600000| PB 0x000000070b600000| Untracked 
|  82|0x000000070b800000, 0x000000070b800000, 0x000000070ba00000|  0%| F|  |TAMS 0x000000070b800000| PB 0x000000070b800000| Untracked 
|  83|0x000000070ba00000, 0x000000070ba00000, 0x000000070bc00000|  0%| F|  |TAMS 0x000000070ba00000| PB 0x000000070ba00000| Untracked 
|  84|0x000000070bc00000, 0x000000070bc00000, 0x000000070be00000|  0%| F|  |TAMS 0x000000070bc00000| PB 0x000000070bc00000| Untracked 
|  85|0x000000070be00000, 0x000000070be00000, 0x000000070c000000|  0%| F|  |TAMS 0x000000070be00000| PB 0x000000070be00000| Untracked 
|  86|0x000000070c000000, 0x000000070c000000, 0x000000070c200000|  0%| F|  |TAMS 0x000000070c000000| PB 0x000000070c000000| Untracked 
|  87|0x000000070c200000, 0x000000070c200000, 0x000000070c400000|  0%| F|  |TAMS 0x000000070c200000| PB 0x000000070c200000| Untracked 
|  88|0x000000070c400000, 0x000000070c400000, 0x000000070c600000|  0%| F|  |TAMS 0x000000070c400000| PB 0x000000070c400000| Untracked 
|  89|0x000000070c600000, 0x000000070c600000, 0x000000070c800000|  0%| F|  |TAMS 0x000000070c600000| PB 0x000000070c600000| Untracked 
|  90|0x000000070c800000, 0x000000070c800000, 0x000000070ca00000|  0%| F|  |TAMS 0x000000070c800000| PB 0x000000070c800000| Untracked 
|  91|0x000000070ca00000, 0x000000070ca00000, 0x000000070cc00000|  0%| F|  |TAMS 0x000000070ca00000| PB 0x000000070ca00000| Untracked 
|  92|0x000000070cc00000, 0x000000070cc00000, 0x000000070ce00000|  0%| F|  |TAMS 0x000000070cc00000| PB 0x000000070cc00000| Untracked 
|  93|0x000000070ce00000, 0x000000070ce00000, 0x000000070d000000|  0%| F|  |TAMS 0x000000070ce00000| PB 0x000000070ce00000| Untracked 
|  94|0x000000070d000000, 0x000000070d000000, 0x000000070d200000|  0%| F|  |TAMS 0x000000070d000000| PB 0x000000070d000000| Untracked 
|  95|0x000000070d200000, 0x000000070d200000, 0x000000070d400000|  0%| F|  |TAMS 0x000000070d200000| PB 0x000000070d200000| Untracked 
|  96|0x000000070d400000, 0x000000070d400000, 0x000000070d600000|  0%| F|  |TAMS 0x000000070d400000| PB 0x000000070d400000| Untracked 
|  97|0x000000070d600000, 0x000000070d600000, 0x000000070d800000|  0%| F|  |TAMS 0x000000070d600000| PB 0x000000070d600000| Untracked 
|  98|0x000000070d800000, 0x000000070d800000, 0x000000070da00000|  0%| F|  |TAMS 0x000000070d800000| PB 0x000000070d800000| Untracked 
|  99|0x000000070da00000, 0x000000070da00000, 0x000000070dc00000|  0%| F|  |TAMS 0x000000070da00000| PB 0x000000070da00000| Untracked 
| 100|0x000000070dc00000, 0x000000070dc00000, 0x000000070de00000|  0%| F|  |TAMS 0x000000070dc00000| PB 0x000000070dc00000| Untracked 
| 101|0x000000070de00000, 0x000000070de00000, 0x000000070e000000|  0%| F|  |TAMS 0x000000070de00000| PB 0x000000070de00000| Untracked 
| 102|0x000000070e000000, 0x000000070e000000, 0x000000070e200000|  0%| F|  |TAMS 0x000000070e000000| PB 0x000000070e000000| Untracked 
| 103|0x000000070e200000, 0x000000070e200000, 0x000000070e400000|  0%| F|  |TAMS 0x000000070e200000| PB 0x000000070e200000| Untracked 
| 104|0x000000070e400000, 0x000000070e400000, 0x000000070e600000|  0%| F|  |TAMS 0x000000070e400000| PB 0x000000070e400000| Untracked 
| 105|0x000000070e600000, 0x000000070e600000, 0x000000070e800000|  0%| F|  |TAMS 0x000000070e600000| PB 0x000000070e600000| Untracked 
| 106|0x000000070e800000, 0x000000070e800000, 0x000000070ea00000|  0%| F|  |TAMS 0x000000070e800000| PB 0x000000070e800000| Untracked 
| 107|0x000000070ea00000, 0x000000070ea00000, 0x000000070ec00000|  0%| F|  |TAMS 0x000000070ea00000| PB 0x000000070ea00000| Untracked 
| 108|0x000000070ec00000, 0x000000070ec00000, 0x000000070ee00000|  0%| F|  |TAMS 0x000000070ec00000| PB 0x000000070ec00000| Untracked 
| 109|0x000000070ee00000, 0x000000070ee00000, 0x000000070f000000|  0%| F|  |TAMS 0x000000070ee00000| PB 0x000000070ee00000| Untracked 
| 110|0x000000070f000000, 0x000000070f000000, 0x000000070f200000|  0%| F|  |TAMS 0x000000070f000000| PB 0x000000070f000000| Untracked 
| 111|0x000000070f200000, 0x000000070f200000, 0x000000070f400000|  0%| F|  |TAMS 0x000000070f200000| PB 0x000000070f200000| Untracked 
| 112|0x000000070f400000, 0x000000070f400000, 0x000000070f600000|  0%| F|  |TAMS 0x000000070f400000| PB 0x000000070f400000| Untracked 
| 113|0x000000070f600000, 0x000000070f600000, 0x000000070f800000|  0%| F|  |TAMS 0x000000070f600000| PB 0x000000070f600000| Untracked 
| 114|0x000000070f800000, 0x000000070f800000, 0x000000070fa00000|  0%| F|  |TAMS 0x000000070f800000| PB 0x000000070f800000| Untracked 
| 115|0x000000070fa00000, 0x000000070fa00000, 0x000000070fc00000|  0%| F|  |TAMS 0x000000070fa00000| PB 0x000000070fa00000| Untracked 
| 116|0x000000070fc00000, 0x000000070fc00000, 0x000000070fe00000|  0%| F|  |TAMS 0x000000070fc00000| PB 0x000000070fc00000| Untracked 
| 117|0x000000070fe00000, 0x000000070fe00000, 0x0000000710000000|  0%| F|  |TAMS 0x000000070fe00000| PB 0x000000070fe00000| Untracked 
| 118|0x0000000710000000, 0x0000000710000000, 0x0000000710200000|  0%| F|  |TAMS 0x0000000710000000| PB 0x0000000710000000| Untracked 
| 119|0x0000000710200000, 0x0000000710200000, 0x0000000710400000|  0%| F|  |TAMS 0x0000000710200000| PB 0x0000000710200000| Untracked 
| 120|0x0000000710400000, 0x0000000710400000, 0x0000000710600000|  0%| F|  |TAMS 0x0000000710400000| PB 0x0000000710400000| Untracked 
| 121|0x0000000710600000, 0x0000000710600000, 0x0000000710800000|  0%| F|  |TAMS 0x0000000710600000| PB 0x0000000710600000| Untracked 
| 122|0x0000000710800000, 0x00000007108e3980, 0x0000000710a00000| 44%| E|  |TAMS 0x0000000710800000| PB 0x0000000710800000| Complete 
| 123|0x0000000710a00000, 0x0000000710c00000, 0x0000000710c00000|100%| E|CS|TAMS 0x0000000710a00000| PB 0x0000000710a00000| Complete 
| 124|0x0000000710c00000, 0x0000000710e00000, 0x0000000710e00000|100%| E|CS|TAMS 0x0000000710c00000| PB 0x0000000710c00000| Complete 
| 125|0x0000000710e00000, 0x0000000711000000, 0x0000000711000000|100%| E|  |TAMS 0x0000000710e00000| PB 0x0000000710e00000| Complete 
| 126|0x0000000711000000, 0x0000000711200000, 0x0000000711200000|100%| E|CS|TAMS 0x0000000711000000| PB 0x0000000711000000| Complete 
| 127|0x0000000711200000, 0x0000000711400000, 0x0000000711400000|100%| E|CS|TAMS 0x0000000711200000| PB 0x0000000711200000| Complete 

Card table byte_map: [0x00000194efd10000,0x00000194f0510000] _byte_map_base: 0x00000194ec506000

Marking Bits: (CMBitMap*) 0x00000194e3b702a0
 Bits: [0x00000194f0510000, 0x00000194f44c0000)

Polling page: 0x00000194e19c0000

Metaspace:

Usage:
  Non-class:    936.83 KB used.
      Class:     93.87 KB used.
       Both:      1.01 MB used.

Virtual space:
  Non-class space:       64.00 MB reserved,     960.00 KB (  1%) committed,  1 nodes.
      Class space:        1.00 GB reserved,     128.00 KB ( <1%) committed,  1 nodes.
             Both:        1.06 GB reserved,       1.06 MB ( <1%) committed. 

Chunk freelists:
   Non-Class:  11.44 MB
       Class:  15.69 MB
        Both:  27.12 MB

MaxMetaspaceSize: unlimited
CompressedClassSpaceSize: 1.00 GB
Initial GC threshold: 21.00 MB
Current GC threshold: 21.00 MB
CDS: on
 - commit_granule_bytes: 65536.
 - commit_granule_words: 8192.
 - virtual_space_node_default_size: 8388608.
 - enlarge_chunks_in_place: 1.
 - use_allocation_guard: 0.


Internal statistics:

num_allocs_failed_limit: 0.
num_arena_births: 8.
num_arena_deaths: 0.
num_vsnodes_births: 2.
num_vsnodes_deaths: 0.
num_space_committed: 17.
num_space_uncommitted: 0.
num_chunks_returned_to_freelist: 0.
num_chunks_taken_from_freelist: 43.
num_chunk_merges: 0.
num_chunk_splits: 22.
num_chunks_enlarged: 17.
num_inconsistent_stats: 0.

CodeCache: size=49152Kb used=2290Kb max_used=2290Kb free=46861Kb
 bounds [0x00000194ec1e0000, 0x00000194ec450000, 0x00000194ef1e0000]
 total_blobs=783 nmethods=404 adapters=303
 compilation: enabled
              stopped_count=0, restarted_count=0
 full_count=0

Compilation events (20 events):
Event: 0.156 Thread 0x00000194f71fe0d0 nmethod 390 0x00000194ec418b10 code [0x00000194ec418d40, 0x00000194ec4191d8]
Event: 0.156 Thread 0x00000194f7309b80 nmethod 395 0x00000194ec419510 code [0x00000194ec4196a0, 0x00000194ec419770]
Event: 0.156 Thread 0x00000194f7309b80  396       1       jdk.internal.access.SharedSecrets::javaUtilJarAccess (19 bytes)
Event: 0.156 Thread 0x00000194f71fe0d0  397       1       java.util.ArrayDeque::elementAt (4 bytes)
Event: 0.156 Thread 0x00000194f71fe0d0 nmethod 397 0x00000194ec419810 code [0x00000194ec4199a0, 0x00000194ec419a78]
Event: 0.156 Thread 0x00000194f71fe0d0  398       1       java.lang.Class::getModule (5 bytes)
Event: 0.156 Thread 0x00000194f71fe0d0 nmethod 398 0x00000194ec419b10 code [0x00000194ec419ca0, 0x00000194ec419d70]
Event: 0.156 Thread 0x00000194f7309b80 nmethod 396 0x00000194ec419e10 code [0x00000194ec41a000, 0x00000194ec41a280]
Event: 0.157 Thread 0x00000194f7309b80  399       1       java.util.ArrayDeque::pollFirst (36 bytes)
Event: 0.157 Thread 0x00000194f7309b80 nmethod 399 0x00000194ec41a490 code [0x00000194ec41a620, 0x00000194ec41a770]
Event: 0.158 Thread 0x00000194f7309b80  400   !   1       jdk.internal.loader.BuiltinClassLoader::loadClassOrNull (143 bytes)
Event: 0.158 Thread 0x00000194f71fe0d0  401       1       java.lang.ClassLoader::getClassLoadingLock (35 bytes)
Event: 0.158 Thread 0x00000194f71fe0d0 nmethod 401 0x00000194ec41a890 code [0x00000194ec41aa40, 0x00000194ec41abb8]
Event: 0.158 Thread 0x00000194f71fe0d0  402       1       java.lang.ClassLoader::findLoadedClass (15 bytes)
Event: 0.158 Thread 0x00000194f71fe0d0 nmethod 402 0x00000194ec41ac90 code [0x00000194ec41ae40, 0x00000194ec41af98]
Event: 0.158 Thread 0x00000194f71fe0d0  403       1       jdk.internal.loader.BuiltinClassLoader::findLoadedModule (33 bytes)
Event: 0.159 Thread 0x00000194f71fe0d0 nmethod 403 0x00000194ec41b090 code [0x00000194ec41b280, 0x00000194ec41b4c8]
Event: 0.159 Thread 0x00000194f71fe0d0  404       1       jdk.internal.loader.BuiltinClassLoader::loadClassOrNull (7 bytes)
Event: 0.159 Thread 0x00000194f71fe0d0 nmethod 404 0x00000194ec41b690 code [0x00000194ec41b840, 0x00000194ec41b938]
Event: 0.159 Thread 0x00000194f7309b80 nmethod 400 0x00000194ec41ba10 code [0x00000194ec41bc80, 0x00000194ec41c390]

GC Heap History (0 events):
No events

Dll operation events (5 events):
Event: 0.005 Loaded shared library C:\Program Files\Eclipse Adoptium\jdk-21.0.6.7-hotspot\bin\java.dll
Event: 0.072 Loaded shared library C:\Program Files\Eclipse Adoptium\jdk-21.0.6.7-hotspot\bin\net.dll
Event: 0.074 Loaded shared library C:\Program Files\Eclipse Adoptium\jdk-21.0.6.7-hotspot\bin\nio.dll
Event: 0.077 Loaded shared library C:\Program Files\Eclipse Adoptium\jdk-21.0.6.7-hotspot\bin\zip.dll
Event: 0.145 Loaded shared library C:\Program Files\Eclipse Adoptium\jdk-21.0.6.7-hotspot\bin\jimage.dll

Deoptimization events (0 events):
No events

Classes loaded (20 events):
Event: 0.148 Loading class sun/net/www/protocol/jar/URLJarFile
Event: 0.148 Loading class sun/net/www/protocol/jar/URLJarFile done
Event: 0.149 Loading class sun/net/www/protocol/jar/URLJarFile$URLJarFileEntry
Event: 0.149 Loading class sun/net/www/protocol/jar/URLJarFile$URLJarFileEntry done
Event: 0.149 Loading class sun/net/www/protocol/jar/JarURLConnection$JarURLInputStream
Event: 0.149 Loading class sun/net/www/protocol/jar/JarURLConnection$JarURLInputStream done
Event: 0.149 Loading class java/io/BufferedReader
Event: 0.149 Loading class java/io/Reader
Event: 0.149 Loading class java/io/Reader done
Event: 0.149 Loading class java/io/BufferedReader done
Event: 0.149 Loading class java/io/InputStreamReader
Event: 0.149 Loading class java/io/InputStreamReader done
Event: 0.149 Loading class sun/nio/cs/StreamDecoder
Event: 0.149 Loading class sun/nio/cs/StreamDecoder done
Event: 0.149 Loading class java/util/LinkedHashMap$LinkedKeySet
Event: 0.149 Loading class java/util/LinkedHashMap$LinkedKeySet done
Event: 0.149 Loading class java/util/LinkedHashMap$LinkedKeyIterator
Event: 0.149 Loading class java/util/LinkedHashMap$LinkedKeyIterator done
Event: 0.153 Loading class java/lang/IndexOutOfBoundsException
Event: 0.153 Loading class java/lang/IndexOutOfBoundsException done

Classes unloaded (0 events):
No events

Classes redefined (0 events):
No events

Internal exceptions (0 events):
No events

ZGC Phase Switch (0 events):
No events

VM Operations (8 events):
Event: 0.078 Executing VM operation: HandshakeAllThreads (Deoptimize)
Event: 0.078 Executing VM operation: HandshakeAllThreads (Deoptimize) done
Event: 0.124 Executing VM operation: HandshakeAllThreads (Deoptimize)
Event: 0.125 Executing VM operation: HandshakeAllThreads (Deoptimize) done
Event: 0.143 Executing VM operation: HandshakeAllThreads (Deoptimize)
Event: 0.143 Executing VM operation: HandshakeAllThreads (Deoptimize) done
Event: 0.148 Executing VM operation: HandshakeAllThreads (Deoptimize)
Event: 0.148 Executing VM operation: HandshakeAllThreads (Deoptimize) done

Memory protections (0 events):
No events

Nmethod flushes (0 events):
No events

Events (11 events):
Event: 0.017 Thread 0x00000194e3aff7d0 Thread added: 0x00000194e3aff7d0
Event: 0.027 Thread 0x00000194e3aff7d0 Thread added: 0x00000194f71e78e0
Event: 0.027 Thread 0x00000194e3aff7d0 Thread added: 0x00000194f71e87f0
Event: 0.027 Thread 0x00000194e3aff7d0 Thread added: 0x00000194f71eb7f0
Event: 0.027 Thread 0x00000194e3aff7d0 Thread added: 0x00000194f71eebc0
Event: 0.027 Thread 0x00000194e3aff7d0 Thread added: 0x00000194f71f1720
Event: 0.027 Thread 0x00000194e3aff7d0 Thread added: 0x00000194f71f2170
Event: 0.027 Thread 0x00000194e3aff7d0 Thread added: 0x00000194f71fe0d0
Event: 0.066 Thread 0x00000194f71fe0d0 Thread added: 0x00000194f7309b80
Event: 0.067 Thread 0x00000194e3aff7d0 Thread added: 0x00000194f732a290
Event: 0.069 Thread 0x00000194e3aff7d0 Thread added: 0x00000194f732cac0


Dynamic libraries:
0x00007ff62d130000 - 0x00007ff62d13e000 	C:\Program Files\Eclipse Adoptium\jdk-21.0.6.7-hotspot\bin\java.exe
0x00007ffeae0f0000 - 0x00007ffeae307000 	C:\Windows\SYSTEM32\ntdll.dll
0x00007ffeac890000 - 0x00007ffeac954000 	C:\Windows\System32\KERNEL32.DLL
0x00007ffeab230000 - 0x00007ffeab601000 	C:\Windows\System32\KERNELBASE.dll
0x00007ffeabc70000 - 0x00007ffeabd81000 	C:\Windows\System32\ucrtbase.dll
0x00007ffe80a90000 - 0x00007ffe80aa8000 	C:\Program Files\Eclipse Adoptium\jdk-21.0.6.7-hotspot\bin\jli.dll
0x00007ffe809f0000 - 0x00007ffe80a0e000 	C:\Program Files\Eclipse Adoptium\jdk-21.0.6.7-hotspot\bin\VCRUNTIME140.dll
0x00007ffeabf90000 - 0x00007ffeac141000 	C:\Windows\System32\USER32.dll
0x00007ffe965a0000 - 0x00007ffe96832000 	C:\Windows\WinSxS\amd64_microsoft.windows.common-controls_6595b64144ccf1df_6.0.22621.4830_none_270fe7d773858e80\COMCTL32.dll
0x00007ffeab7b0000 - 0x00007ffeab7d6000 	C:\Windows\System32\win32u.dll
0x00007ffead4b0000 - 0x00007ffead557000 	C:\Windows\System32\msvcrt.dll
0x00007ffeabed0000 - 0x00007ffeabef9000 	C:\Windows\System32\GDI32.dll
0x00007ffeab7e0000 - 0x00007ffeab8fb000 	C:\Windows\System32\gdi32full.dll
0x00007ffeab610000 - 0x00007ffeab6aa000 	C:\Windows\System32\msvcp_win.dll
0x00007ffead640000 - 0x00007ffead671000 	C:\Windows\System32\IMM32.DLL
0x00007ffe96cd0000 - 0x00007ffe96cdc000 	C:\Program Files\Eclipse Adoptium\jdk-21.0.6.7-hotspot\bin\vcruntime140_1.dll
0x00007ffe6ffb0000 - 0x00007ffe7003d000 	C:\Program Files\Eclipse Adoptium\jdk-21.0.6.7-hotspot\bin\msvcp140.dll
0x00007ffde2c40000 - 0x00007ffde39d0000 	C:\Program Files\Eclipse Adoptium\jdk-21.0.6.7-hotspot\bin\server\jvm.dll
0x00007ffead6d0000 - 0x00007ffead781000 	C:\Windows\System32\ADVAPI32.dll
0x00007ffeac9d0000 - 0x00007ffeaca77000 	C:\Windows\System32\sechost.dll
0x00007ffeabd90000 - 0x00007ffeabdb8000 	C:\Windows\System32\bcrypt.dll
0x00007ffead320000 - 0x00007ffead434000 	C:\Windows\System32\RPCRT4.dll
0x00007ffead560000 - 0x00007ffead5d1000 	C:\Windows\System32\WS2_32.dll
0x00007ffeab100000 - 0x00007ffeab14d000 	C:\Windows\SYSTEM32\POWRPROF.dll
0x00007ffea1ad0000 - 0x00007ffea1b04000 	C:\Windows\SYSTEM32\WINMM.dll
0x00007ffea5a60000 - 0x00007ffea5a6a000 	C:\Windows\SYSTEM32\VERSION.dll
0x00007ffeab0e0000 - 0x00007ffeab0f3000 	C:\Windows\SYSTEM32\UMPDC.dll
0x00007ffeaa260000 - 0x00007ffeaa278000 	C:\Windows\SYSTEM32\kernel.appcore.dll
0x00007ffe8c9f0000 - 0x00007ffe8c9fa000 	C:\Program Files\Eclipse Adoptium\jdk-21.0.6.7-hotspot\bin\jimage.dll
0x00007ffea0fb0000 - 0x00007ffea11e2000 	C:\Windows\SYSTEM32\DBGHELP.DLL
0x00007ffeac3f0000 - 0x00007ffeac780000 	C:\Windows\System32\combase.dll
0x00007ffeac780000 - 0x00007ffeac857000 	C:\Windows\System32\OLEAUT32.dll
0x00007ffe8be40000 - 0x00007ffe8be72000 	C:\Windows\SYSTEM32\dbgcore.DLL
0x00007ffeab730000 - 0x00007ffeab7ab000 	C:\Windows\System32\bcryptPrimitives.dll
0x00007ffe804c0000 - 0x00007ffe804df000 	C:\Program Files\Eclipse Adoptium\jdk-21.0.6.7-hotspot\bin\java.dll
0x00007ffead820000 - 0x00007ffeae0a8000 	C:\Windows\System32\SHELL32.dll
0x00007ffeaba70000 - 0x00007ffeabbaf000 	C:\Windows\System32\wintypes.dll
0x00007ffea9170000 - 0x00007ffea9a7d000 	C:\Windows\SYSTEM32\windows.storage.dll
0x00007ffeabdc0000 - 0x00007ffeabeca000 	C:\Windows\System32\SHCORE.dll
0x00007ffeac960000 - 0x00007ffeac9be000 	C:\Windows\System32\shlwapi.dll
0x00007ffeab160000 - 0x00007ffeab18b000 	C:\Windows\SYSTEM32\profapi.dll
0x00007ffe8b560000 - 0x00007ffe8b570000 	C:\Program Files\Eclipse Adoptium\jdk-21.0.6.7-hotspot\bin\net.dll
0x00007ffea62e0000 - 0x00007ffea640c000 	C:\Windows\SYSTEM32\WINHTTP.dll
0x00007ffeaa6d0000 - 0x00007ffeaa73a000 	C:\Windows\system32\mswsock.dll
0x00007ffe7fda0000 - 0x00007ffe7fdb6000 	C:\Program Files\Eclipse Adoptium\jdk-21.0.6.7-hotspot\bin\nio.dll
0x00007ffe7fd80000 - 0x00007ffe7fd98000 	C:\Program Files\Eclipse Adoptium\jdk-21.0.6.7-hotspot\bin\zip.dll

dbghelp: loaded successfully - version: 4.0.5 - missing functions: none
symbol engine: initialized successfully - sym options: 0x614 - pdb path: .;C:\Program Files\Eclipse Adoptium\jdk-21.0.6.7-hotspot\bin;C:\Windows\SYSTEM32;C:\Windows\WinSxS\amd64_microsoft.windows.common-controls_6595b64144ccf1df_6.0.22621.4830_none_270fe7d773858e80;C:\Program Files\Eclipse Adoptium\jdk-21.0.6.7-hotspot\bin\server

VM Arguments:
jvm_args: -XX:TieredStopAtLevel=1 
java_command: com.dailyapp.loginapp.LoginappApplication
java_class_path (initial): C:\Users\sebas\OneDrive\Documentos\Sena\Daily app Proyect\SpringBoot\loginapp\target\classes;C:\Users\sebas\.m2\repository\org\springframework\boot\spring-boot\3.4.4\spring-boot-3.4.4.jar;C:\Users\sebas\.m2\repository\org\springframework\boot\spring-boot-autoconfigure\3.4.4\spring-boot-autoconfigure-3.4.4.jar;C:\Users\sebas\.m2\repository\ch\qos\logback\logback-classic\1.5.18\logback-classic-1.5.18.jar;C:\Users\sebas\.m2\repository\ch\qos\logback\logback-core\1.5.18\logback-core-1.5.18.jar;C:\Users\sebas\.m2\repository\org\apache\logging\log4j\log4j-to-slf4j\2.24.3\log4j-to-slf4j-2.24.3.jar;C:\Users\sebas\.m2\repository\org\apache\logging\log4j\log4j-api\2.24.3\log4j-api-2.24.3.jar;C:\Users\sebas\.m2\repository\org\slf4j\jul-to-slf4j\2.0.17\jul-to-slf4j-2.0.17.jar;C:\Users\sebas\.m2\repository\jakarta\annotation\jakarta.annotation-api\2.1.1\jakarta.annotation-api-2.1.1.jar;C:\Users\sebas\.m2\repository\org\yaml\snakeyaml\2.3\snakeyaml-2.3.jar;C:\Users\sebas\.m2\repository\com\zaxxer\HikariCP\5.1.0\HikariCP-5.1.0.jar;C:\Users\sebas\.m2\repository\org\springframework\spring-jdbc\6.2.5\spring-jdbc-6.2.5.jar;C:\Users\sebas\.m2\repository\org\hibernate\orm\hibernate-core\6.6.11.Final\hibernate-core-6.6.11.Final.jar;C:\Users\sebas\.m2\repository\jakarta\persistence\jakarta.persistence-api\3.1.0\jakarta.persistence-api-3.1.0.jar;C:\Users\sebas\.m2\repository\jakarta\transaction\jakarta.transaction-api\2.0.1\jakarta.transaction-api-2.0.1.jar;C:\Users\sebas\.m2\repository\org\jboss\logging\jboss-logging\3.6.1.Final\jboss-logging-3.6.1.Final.jar;C:\Users\sebas\.m2\repository\org\hibernate\common\hibernate-commons-annotations\7.0.3.Final\hibernate-commons-annotations-7.0.3.Final.jar;C:\Users\sebas\.m2\repository\io\smallrye\jandex\3.2.0\jandex-3.2.0.jar;C:\Users\sebas\.m2\repository\com\fasterxml\classmate\1.7.0\classmate-1.7.0.jar;C:\Users\sebas\.m2\repository\net\bytebuddy\byte-buddy\1.15.11\byte-buddy-1.15.11.jar;C:\Users\sebas\.m2\repository\org\glassfish\jaxb\jaxb-runtime\4.0.5\jaxb-runtime-4.0.5.jar;C:\Users\sebas\.m2\repository\org\glassfish\jaxb\jaxb-core\4.0.5\jaxb-core-4.0.5.jar;C:\Users\sebas\.m2\repository\org\eclipse\angus\angus-activation\2.0.2\angus-activation-2.0.2.jar;C:\Users\sebas\.m2\repository\org\glassfish\jaxb\txw2\4.0.5\txw2-4.0.5.jar;C:\Users\sebas\.m2\repository\com\sun\istack\istack-commons-runtime\4.1.2\istack-commons-runtime-4.1.2.jar;C:\Users\sebas\.m2\repository\jakarta\inject\jakarta.inject-api\2.0.1\jakarta.inject-api-2.0.1.jar;C:\Users\sebas\.m2\repository\org\antlr\antlr4-runtime\4.13.0\antlr4-runtime-4.13.0.jar;C:\Users\sebas\.m2\repository\org\springframework\data\spring-data-jpa\3.4.4\spring-data-jpa-3.4.4.jar;C:\Users\sebas\.m2\repository\org\springframework\data\spring-data-commons\3.4.4\spring-data-commons-3.4.4.jar;C:\Users\sebas\.m2\repository\org\springframework\spring-orm\6.2.5\spring-orm-6.2.5.jar;C:\Users\sebas\.m2\repository\org\springframework\spring-context\6.2.5\spring-context-6.2.5.jar;C:\Users\sebas\.m2\repository\org\springframework\spring-tx\6.2.5\spring-tx-6.2.5.jar;C:\Users\sebas\.m2\repository\org\springframework\spring-beans\6.2.5\spring-beans-6.2.5.jar;C:\Users\sebas\.m2\repository\org\slf4j\slf4j-api\2.0.17\slf4j-api-2.0.17.jar;C:\Users\sebas\.m2\repository\org\springframework\spring-aspects\6.2.5\spring-aspects-6.2.5.jar;C:\Users\sebas\.m2\repository\org\aspectj\aspectjweaver\1.9.23\aspectjweaver-1.9.23.jar;C:\Users\sebas\.m2\repository\org\springframework\security\spring-security-config\6.4.4\spring-security-config-6.4.4.jar;C:\Users\sebas\.m2\repository\org\springframework\security\spring-security-core\6.4.4\spring-security-core-6.4.4.jar;C:\Users\sebas\.m2\repository\org\springframework\security\spring-security-crypto\6.4.4\spring-security-crypto-6.4.4.jar;C:\Users\sebas\.m2\repository\org\springframework\spring-expression\6.2.5\spring-expression-6.2.5.jar;C:\Users\sebas\.m2\repository\io\micrometer\micrometer-observation\1.14.5\micrometer-observation-1.14.5.jar;C:\Users\sebas\.m2\repository\io\micrometer\micrometer-commons\1.14.5\micrometer-commons-1.14.5.jar;C:\Users\sebas\.m2\repository\org\springframework\security\spring-security-oauth2-client\6.4.4\spring-security-oauth2-client-6.4.4.jar;C:\Users\sebas\.m2\repository\org\springframework\security\spring-security-oauth2-core\6.4.4\spring-security-oauth2-core-6.4.4.jar;C:\Users\sebas\.m2\repository\com\nimbusds\oauth2-oidc-sdk\9.43.6\oauth2-oidc-sdk-9.43.6.jar;C:\Users\sebas\.m2\repository\com\github\stephenc\jcip\jcip-annotations\1.0-1\jcip-annotations-1.0-1.jar;C:\Users\sebas\.m2\repository\com\nimbusds\content-type\2.2\content-type-2.2.jar;C:\Users\sebas\.m2\repository\com\nimbusds\lang-tag\1.7\lang-tag-1.7.jar;C:\Users\sebas\.m2\repository\org\springframework\security\spring-security-oauth2-jose\6.4.4\spring-security-oauth2-jose-6.4.4.jar;C:\Users\sebas\.m2\repository\com\nimbusds\nimbus-jose-jwt\9.37.3\nimbus-jose-jwt-9.37.3.jar;C:\Users\sebas\.m2\repository\com\fasterxml\jackson\core\jackson-databind\2.18.3\jackson-databind-2.18.3.jar;C:\Users\sebas\.m2\repository\com\fasterxml\jackson\core\jackson-annotations\2.18.3\jackson-annotations-2.18.3.jar;C:\Users\sebas\.m2\repository\com\fasterxml\jackson\core\jackson-core\2.18.3\jackson-core-2.18.3.jar;C:\Users\sebas\.m2\repository\com\fasterxml\jackson\datatype\jackson-datatype-jdk8\2.18.3\jackson-datatype-jdk8-2.18.3.jar;C:\Users\sebas\.m2\repository\com\fasterxml\jackson\datatype\jackson-datatype-jsr310\2.18.3\jackson-datatype-jsr310-2.18.3.jar;C:\Users\sebas\.m2\repository\com\fasterxml\jackson\module\jackson-module-parameter-names\2.18.3\jackson-module-parameter-names-2.18.3.jar;C:\Users\sebas\.m2\repository\org\apache\tomcat\embed\tomcat-embed-core\10.1.39\tomcat-embed-core-10.1.39.jar;C:\Users\sebas\.m2\repository\org\apache\tomcat\embed\tomcat-embed-el\10.1.39\tomcat-embed-el-10.1.39.jar;C:\Users\sebas\.m2\repository\org\apache\tomcat\embed\tomcat-embed-websocket\10.1.39\tomcat-embed-websocket-10.1.39.jar;C:\Users\sebas\.m2\repository\org\springframework\spring-web\6.2.5\spring-web-6.2.5.jar;C:\Users\sebas\.m2\repository\org\springframework\spring-webmvc\6.2.5\spring-webmvc-6.2.5.jar;C:\Users\sebas\.m2\repository\com\mysql\mysql-connector-j\9.1.0\mysql-connector-j-9.1.0.jar;C:\Users\sebas\.m2\repository\jakarta\xml\bind\jakarta.xml.bind-api\4.0.2\jakarta.xml.bind-api-4.0.2.jar;C:\Users\sebas\.m2\repository\jakarta\activation\jakarta.activation-api\2.1.3\jakarta.activation-api-2.1.3.jar;C:\Users\sebas\.m2\repository\net\minidev\json-smart\2.5.2\json-smart-2.5.2.jar;C:\Users\sebas\.m2\repository\net\minidev\accessors-smart\2.5.2\accessors-smart-2.5.2.jar;C:\Users\sebas\.m2\repository\org\ow2\asm\asm\9.7.1\asm-9.7.1.jar;C:\Users\sebas\.m2\repository\org\springframework\spring-core\6.2.5\spring-core-6.2.5.jar;C:\Users\sebas\.m2\repository\org\springframework\spring-jcl\6.2.5\spring-jcl-6.2.5.jar;C:\Users\sebas\.m2\repository\org\springframework\security\spring-security-web\6.4.4\spring-security-web-6.4.4.jar;C:\Users\sebas\.m2\repository\org\springframework\spring-aop\6.2.5\spring-aop-6.2.5.jar
Launcher Type: SUN_STANDARD

[Global flags]
     intx CICompilerCount                          = 4                                         {product} {ergonomic}
     uint ConcGCThreads                            = 3                                         {product} {ergonomic}
     uint G1ConcRefinementThreads                  = 10                                        {product} {ergonomic}
   size_t G1HeapRegionSize                         = 2097152                                   {product} {ergonomic}
    uintx GCDrainStackTargetSize                   = 64                                        {product} {ergonomic}
   size_t InitialHeapSize                          = 268435456                                 {product} {ergonomic}
   size_t MarkStackSize                            = 4194304                                   {product} {ergonomic}
   size_t MaxHeapSize                              = 4273995776                                {product} {ergonomic}
   size_t MaxNewSize                               = 2562719744                                {product} {ergonomic}
   size_t MinHeapDeltaBytes                        = 2097152                                   {product} {ergonomic}
   size_t MinHeapSize                              = 8388608                                   {product} {ergonomic}
    uintx NonNMethodCodeHeapSize                   = 4096                                   {pd product} {ergonomic}
    uintx NonProfiledCodeHeapSize                  = 0                                      {pd product} {ergonomic}
     bool ProfileInterpreter                       = false                                  {pd product} {command line}
    uintx ProfiledCodeHeapSize                     = 0                                      {pd product} {ergonomic}
   size_t SoftMaxHeapSize                          = 4273995776                             {manageable} {ergonomic}
     intx TieredStopAtLevel                        = 1                                         {product} {command line}
     bool UseCompressedOops                        = true                           {product lp64_product} {ergonomic}
     bool UseG1GC                                  = true                                      {product} {ergonomic}
     bool UseLargePagesIndividualAllocation        = false                                  {pd product} {ergonomic}

Logging:
Log output configuration:
 #0: stdout all=warning uptime,level,tags foldmultilines=false
 #1: stderr all=off uptime,level,tags foldmultilines=false

Environment Variables:
PATH=C:\Program Files\Eclipse Adoptium\jdk-21.0.6.7-hotspot\bin;C:\Program Files\Common Files\Oracle\Java\javapath;C:\Windows\system32;C:\Windows;C:\Windows\System32\Wbem;C:\Windows\System32\WindowsPowerShell\v1.0\;C:\Windows\System32\OpenSSH\;C:\Program Files (x86)\NVIDIA Corporation\PhysX\Common;C:\Program Files\dotnet\;C:\Program Files\NVIDIA Corporation\NVIDIA app\NvDLISR;C:\Program Files\GitHub CLI\;C:\Program Files\Git\cmd;C:\Program Files\nodejs\;C:\Users\sebas\OneDrive\Documentos\Sena\Daily app Proyect\apache-maven-3.9.9\bin;C:\Users\sebas\AppData\Local\Microsoft\WindowsApps;C:\Users\sebas\AppData\Local\Programs\Microsoft VS Code\bin;C:\Users\sebas\AppData\Local\GitHubDesktop\bin;C:\Users\sebas\AppData\Roaming\npm
USERNAME=sebas
LANG=en_US.UTF-8
OS=Windows_NT
PROCESSOR_IDENTIFIER=AMD64 Family 23 Model 113 Stepping 0, AuthenticAMD
TMP=C:\Users\sebas\AppData\Local\Temp
TEMP=C:\Users\sebas\AppData\Local\Temp




Periodic native trim disabled

---------------  S Y S T E M  ---------------

OS:
 Windows 11 , 64 bit Build 22621 (10.0.22621.4974)
OS uptime: 0 days 1:20 hours

CPU: total 12 (initial active 12) (12 cores per cpu, 2 threads per core) family 23 model 113 stepping 0 microcode 0x0, cx8, cmov, fxsr, ht, mmx, 3dnowpref, sse, sse2, sse3, ssse3, sse4a, sse4.1, sse4.2, popcnt, lzcnt, tsc, tscinvbit, avx, avx2, aes, clmul, bmi1, bmi2, adx, sha, fma, vzeroupper, clflush, clflushopt, rdtscp, rdpid, f16c
Processor Information for the first 12 processors :
  Max Mhz: 3801, Current Mhz: 3801, Mhz Limit: 3801

Memory: 4k page, system-wide physical 16296M (7175M free)
TotalPageFile size 22440M (AvailPageFile size 7927M)
current process WorkingSet (physical memory assigned to process): 46M, peak: 46M
current process commit charge ("private bytes"): 343M, peak: 343M

vm_info: OpenJDK 64-Bit Server VM (21.0.6+7-LTS) for windows-amd64 JRE (21.0.6+7-LTS), built on 2025-01-21T00:00:00Z by "admin" with MS VC++ 17.7 (VS2022)

END.
