#
# A fatal error has been detected by the Java Runtime Environment:
#
#  EXCEPTION_ACCESS_VIOLATION (0xc0000005) at pc=0x00007ffcd523e316, pid=17132, tid=11660
#
# JRE version: OpenJDK Runtime Environment Temurin-21.0.6+7 (21.0.6+7) (build 21.0.6+7-LTS)
# Java VM: OpenJDK 64-Bit Server VM Temurin-21.0.6+7 (21.0.6+7-LTS, mixed mode, emulated-client, sharing, tiered, compressed oops, compressed class ptrs, g1 gc, windows-amd64)
# Problematic frame:
# C  0x0000000000000001
#
# No core dump will be written. Minidumps are not enabled by default on client versions of Windows
#
# If you would like to submit a bug report, please visit:
#   https://github.com/adoptium/adoptium-support/issues
#

---------------  S U M M A R Y ------------

Command Line: -XX:TieredStopAtLevel=1 com.dailyapp.loginapp.LoginappApplication

Host: AMD Ryzen 5 3600X 6-Core Processor             , 12 cores, 15G,  Windows 11 , 64 bit Build 22621 (10.0.22621.5124)
Time: Fri Apr 11 11:09:25 2025 Hora est. Pacífico, Sudamérica elapsed time: 2.246632 seconds (0d 0h 0m 2s)

---------------  T H R E A D  ---------------

Current thread (0x00000259a378cf00):  WorkerThread "GC Thread#3"    [id=11660, stack(0x000000b35ff00000,0x000000b360000000) (1024K)]

Stack: [0x000000b35ff00000,0x000000b360000000],  sp=0x000000b35ffff998,  free space=1022k
Native frames: (J=compiled Java code, j=interpreted, Vv=VM code, C=native code)
C  0x00007ffcd523e316


siginfo: EXCEPTION_ACCESS_VIOLATION (0xc0000005), data execution prevention violation at address 0x00007ffcd523e316


Registers:
RAX=0x000000000000001a, RBX=0x000000000000ff00, RCX=0x000000b35ffffa90, RDX=0x00000000000000ff
RSP=0x000000b35ffff990, RBP=0x0000000701799ff8, RSI=0x000000b35ffffa90, RDI=0x000000070238d424
R8 =0x000000070238d424, R9 =0x0000000701799ff8, R10=0x0000000000000047, R11=0x00000259a5a55500
R12=0x000000070238d400, R13=0x000000b35ffffa80, R14=0x00000259ba17a430, R15=0x000000070238d410
RIP=0x00007ffcd523e316, EFLAGS=0x0000000000010202

XMM[0]=0x0000000000000000 0xffffffffffffffff
XMM[1]=0x0000000000000000 0x0000000000000000
XMM[2]=0x657461727453676e 0x696d614e6c616369
XMM[3]=0x2f736e6165622f6b 0x726f77656d617266
XMM[4]=0x656269682f67726f 0x4c3c72656469766f
XMM[5]=0x6567676f4c656761 0x7373654d72656761
XMM[6]=0x0000000000000000 0x0000000000000000
XMM[7]=0x0000000000000000 0x0000000000000000
XMM[8]=0x0000000000000000 0x0000000000000000
XMM[9]=0x0000000000000000 0x0000000000000000
XMM[10]=0x0000000000000000 0x0000000000000000
XMM[11]=0x0000000000000000 0x0000000000000000
XMM[12]=0x0000000000000000 0x0000000000000000
XMM[13]=0x0000000000000000 0x0000000000000000
XMM[14]=0x0000000000000000 0x0000000000000000
XMM[15]=0x0000000000000000 0x0000000000000000
  MXCSR=0x00001fa0


Register to memory mapping:

RAX=0x000000000000001a is an unknown value
RBX=0x000000000000ff00 is an unknown value
RCX=0x000000b35ffffa90 points into unknown readable memory: 0x00007ffcd490ce30 | 30 ce 90 d4 fc 7f 00 00
RDX=0x00000000000000ff is an unknown value
RSP=0x000000b35ffff990 points into unknown readable memory: 0x0000000000000001 | 01 00 00 00 00 00 00 00
RBP=0x0000000701799ff8 is an oop: [Ljava.security.cert.Certificate; 
{0x0000000701799ff8} - klass: 'java/security/cert/Certificate'[]
 - length: 0
RSI=0x000000b35ffffa90 points into unknown readable memory: 0x00007ffcd490ce30 | 30 ce 90 d4 fc 7f 00 00
RDI=0x000000070238d424 is pointing into object: java.util.concurrent.ConcurrentHashMap$Node 
{0x000000070238d410} - klass: 'java/util/concurrent/ConcurrentHashMap$Node'
 - ---- fields (total size 4 words):
 - final 'hash' 'I' @12  1786189703 (0x6a771787)
 - final 'key' 'Ljava/lang/Object;' @16  "org.apache.catalina.connector"{0x000000070238d430} (0xe0471a86)
 - volatile 'val' 'Ljava/lang/Object;' @20  a 'java/security/cert/Certificate'[0] {0x0000000701799ff8} (0xe02f33ff)
 - volatile 'next' 'Ljava/util/concurrent/ConcurrentHashMap$Node;' @24  null (0x00000000)
R8 =0x000000070238d424 is pointing into object: java.util.concurrent.ConcurrentHashMap$Node 
{0x000000070238d410} - klass: 'java/util/concurrent/ConcurrentHashMap$Node'
 - ---- fields (total size 4 words):
 - final 'hash' 'I' @12  1786189703 (0x6a771787)
 - final 'key' 'Ljava/lang/Object;' @16  "org.apache.catalina.connector"{0x000000070238d430} (0xe0471a86)
 - volatile 'val' 'Ljava/lang/Object;' @20  a 'java/security/cert/Certificate'[0] {0x0000000701799ff8} (0xe02f33ff)
 - volatile 'next' 'Ljava/util/concurrent/ConcurrentHashMap$Node;' @24  null (0x00000000)
R9 =0x0000000701799ff8 is an oop: [Ljava.security.cert.Certificate; 
{0x0000000701799ff8} - klass: 'java/security/cert/Certificate'[]
 - length: 0
R10=0x0000000000000047 is an unknown value
R11=0x00000259a5a55500 points into unknown readable memory: 0x0000000702200000 | 00 00 20 02 07 00 00 00
R12=0x000000070238d400 is pointing into object: [B 
{0x000000070238d3c0} - klass: {type array byte}
 - length: 61
R13=0x000000b35ffffa80 points into unknown readable memory: 0x000000070238d400 | 00 d4 38 02 07 00 00 00
R14={method} {0x00000259ba17a438} 'equals' '(Ljava/lang/Object;)Z' in 'java/util/concurrent/ConcurrentHashMap$Node'
R15=0x000000070238d410 is an oop: java.util.concurrent.ConcurrentHashMap$Node 
{0x000000070238d410} - klass: 'java/util/concurrent/ConcurrentHashMap$Node'
 - ---- fields (total size 4 words):
 - final 'hash' 'I' @12  1786189703 (0x6a771787)
 - final 'key' 'Ljava/lang/Object;' @16  "org.apache.catalina.connector"{0x000000070238d430} (0xe0471a86)
 - volatile 'val' 'Ljava/lang/Object;' @20  a 'java/security/cert/Certificate'[0] {0x0000000701799ff8} (0xe02f33ff)
 - volatile 'next' 'Ljava/util/concurrent/ConcurrentHashMap$Node;' @24  null (0x00000000)

Top of Stack: (sp=0x000000b35ffff990)
0x000000b35ffff990:   0000000000000001 00007ffcd423e328
0x000000b35ffff9a0:   000000b35ffffbe0 00007ffcd45a695f
0x000000b35ffff9b0:   00000259ba17a428 00007ffcd423f00d
0x000000b35ffff9c0:   000000070238d424 000000b35ffffa90
0x000000b35ffff9d0:   000000070238d42c 0000000702364200
0x000000b35ffff9e0:   000000b35ffffa90 0000000000000000
0x000000b35ffff9f0:   000000070238d418 00007ffcd42416bd
0x000000b35ffffa00:   000000070238d430 000000070238d410
0x000000b35ffffa10:   000000070238d800 000000070238d800
0x000000b35ffffa20:   00000007022e9000 0000000000000040
0x000000b35ffffa30:   000000070238d400 00000259b9a60c80
0x000000b35ffffa40:   0000000000000002 000000b35ffffbe0
0x000000b35ffffa50:   0000000000000080 00007ffcd42422cf
0x000000b35ffffa60:   0000000000000007 00000259a5a55500
0x000000b35ffffa70:   000000b35ffffbe0 00007ffcd45a695f
0x000000b35ffffa80:   000000070238d400 0000000000000080
0x000000b35ffffa90:   00007ffcd490ce30 0000000000000000
0x000000b35ffffaa0:   00000259a5a295b0 00000259ffa8a8b0
0x000000b35ffffab0:   000000b35ffffc30 00007ffcd473d227
0x000000b35ffffac0:   00000259b9183e40 00000259b1c27c80
0x000000b35ffffad0:   00000259a5a151b0 00007ffcd4243f99
0x000000b35ffffae0:   000000b35ffffb60 00007ffcd422c5a2
0x000000b35ffffaf0:   0000000000000003 00000259b1c27c6c
0x000000b35ffffb00:   0000000000000003 0000000000000003
0x000000b35ffffb10:   00000259a5a288e0 0000000000000010
0x000000b35ffffb20:   00000259a5a151b0 000000b35ffffc79
0x000000b35ffffb30:   000000b35ffffbe0 00007ffcd42427ba
0x000000b35ffffb40:   00000000000003d8 00000259b9183e50
0x000000b35ffffb50:   00000259b9184228 00000259a5a55500
0x000000b35ffffb60:   00000259ffa8a8b0 000000000155ae2a
0x000000b35ffffb70:   0000000000000000 000000b35ffffc38
0x000000b35ffffb80:   000000b35ffffc48 0000000000000000 

Instructions: (pc=0x0000000000000001)
0xffffffffffffff01:   


Stack slot to memory mapping:

stack at sp + 0 slots: 0x00007ffcd423e328 jvm.dll
stack at sp + 1 slots: 0x000000b35ffffbe0 points into unknown readable memory: 0x00007ffcd490cfc0 | c0 cf 90 d4 fc 7f 00 00
stack at sp + 2 slots: 0x00007ffcd45a695f jvm.dll
stack at sp + 3 slots: 0x00000259ba17a428 is pointing into metadata
stack at sp + 4 slots: 0x00007ffcd423f00d jvm.dll
stack at sp + 5 slots: 0x000000070238d424 is pointing into object: java.util.concurrent.ConcurrentHashMap$Node 
{0x000000070238d410} - klass: 'java/util/concurrent/ConcurrentHashMap$Node'
 - ---- fields (total size 4 words):
 - final 'hash' 'I' @12  1786189703 (0x6a771787)
 - final 'key' 'Ljava/lang/Object;' @16  "org.apache.catalina.connector"{0x000000070238d430} (0xe0471a86)
 - volatile 'val' 'Ljava/lang/Object;' @20  a 'java/security/cert/Certificate'[0] {0x0000000701799ff8} (0xe02f33ff)
 - volatile 'next' 'Ljava/util/concurrent/ConcurrentHashMap$Node;' @24  null (0x00000000)
stack at sp + 6 slots: 0x000000b35ffffa90 points into unknown readable memory: 0x00007ffcd490ce30 | 30 ce 90 d4 fc 7f 00 00
stack at sp + 7 slots: 0x000000070238d42c is pointing into object: java.util.concurrent.ConcurrentHashMap$Node 
{0x000000070238d410} - klass: 'java/util/concurrent/ConcurrentHashMap$Node'
 - ---- fields (total size 4 words):
 - final 'hash' 'I' @12  1786189703 (0x6a771787)
 - final 'key' 'Ljava/lang/Object;' @16  "org.apache.catalina.connector"{0x000000070238d430} (0xe0471a86)
 - volatile 'val' 'Ljava/lang/Object;' @20  a 'java/security/cert/Certificate'[0] {0x0000000701799ff8} (0xe02f33ff)
 - volatile 'next' 'Ljava/util/concurrent/ConcurrentHashMap$Node;' @24  null (0x00000000)


---------------  P R O C E S S  ---------------

Threads class SMR info:
_java_thread_list=0x00000259fff7db30, length=19, elements={
0x00000259a37bd900, 0x00000259b90d49a0, 0x00000259b90d58b0, 0x00000259b90d9ab0,
0x00000259b90deb90, 0x00000259b90e20f0, 0x00000259b9120830, 0x00000259b9121630,
0x00000259b921bd20, 0x00000259b921cac0, 0x00000259b9240c30, 0x00000259b9243460,
0x00000259b921d190, 0x00000259ff9bc450, 0x00000259ffa2ab20, 0x00000259ff9e7030,
0x00000259ffa34d70, 0x00000259fff9b410, 0x00000259804e8220
}

Java Threads: ( => current thread )
  0x00000259a37bd900 JavaThread "main"                              [_thread_blocked, id=17128, stack(0x000000b35e900000,0x000000b35ea00000) (1024K)]
  0x00000259b90d49a0 JavaThread "Reference Handler"          daemon [_thread_blocked, id=10796, stack(0x000000b35f100000,0x000000b35f200000) (1024K)]
  0x00000259b90d58b0 JavaThread "Finalizer"                  daemon [_thread_blocked, id=8700, stack(0x000000b35f200000,0x000000b35f300000) (1024K)]
  0x00000259b90d9ab0 JavaThread "Signal Dispatcher"          daemon [_thread_blocked, id=5956, stack(0x000000b35f300000,0x000000b35f400000) (1024K)]
  0x00000259b90deb90 JavaThread "Attach Listener"            daemon [_thread_blocked, id=4604, stack(0x000000b35f400000,0x000000b35f500000) (1024K)]
  0x00000259b90e20f0 JavaThread "Service Thread"             daemon [_thread_blocked, id=17296, stack(0x000000b35f500000,0x000000b35f600000) (1024K)]
  0x00000259b9120830 JavaThread "Monitor Deflation Thread"   daemon [_thread_blocked, id=9268, stack(0x000000b35f600000,0x000000b35f700000) (1024K)]
  0x00000259b9121630 JavaThread "C1 CompilerThread0"         daemon [_thread_blocked, id=2740, stack(0x000000b35f700000,0x000000b35f800000) (1024K)]
  0x00000259b921bd20 JavaThread "C1 CompilerThread1"         daemon [_thread_blocked, id=17420, stack(0x000000b35f800000,0x000000b35f900000) (1024K)]
  0x00000259b921cac0 JavaThread "C1 CompilerThread2"         daemon [_thread_blocked, id=19272, stack(0x000000b35f900000,0x000000b35fa00000) (1024K)]
  0x00000259b9240c30 JavaThread "Notification Thread"        daemon [_thread_blocked, id=11120, stack(0x000000b35fa00000,0x000000b35fb00000) (1024K)]
  0x00000259b9243460 JavaThread "Common-Cleaner"             daemon [_thread_blocked, id=16668, stack(0x000000b35fb00000,0x000000b35fc00000) (1024K)]
  0x00000259b921d190 JavaThread "C1 CompilerThread3"         daemon [_thread_blocked, id=7596, stack(0x000000b35fc00000,0x000000b35fd00000) (1024K)]
  0x00000259ff9bc450 JavaThread "Catalina-utility-1"                [_thread_blocked, id=6612, stack(0x000000b360800000,0x000000b360900000) (1024K)]
  0x00000259ffa2ab20 JavaThread "Catalina-utility-2"                [_thread_blocked, id=1292, stack(0x000000b360900000,0x000000b360a00000) (1024K)]
  0x00000259ff9e7030 JavaThread "container-0"                       [_thread_blocked, id=18644, stack(0x000000b360a00000,0x000000b360b00000) (1024K)]
  0x00000259ffa34d70 JavaThread "mysql-cj-abandoned-connection-cleanup" daemon [_thread_blocked, id=9468, stack(0x000000b360b00000,0x000000b360c00000) (1024K)]
  0x00000259fff9b410 JavaThread "HikariPool-1 housekeeper"   daemon [_thread_blocked, id=17652, stack(0x000000b360d00000,0x000000b360e00000) (1024K)]
  0x00000259804e8220 JavaThread "HikariPool-1 connection adder" daemon [_thread_blocked, id=8212, stack(0x000000b360e00000,0x000000b360f00000) (1024K)]
Total: 19

Other Threads:
  0x00000259a378dd80 VMThread "VM Thread"                           [id=10420, stack(0x000000b35f000000,0x000000b35f100000) (1024K)]
  0x00000259b90ab640 WatcherThread "VM Periodic Task Thread"        [id=16392, stack(0x000000b35ef00000,0x000000b35f000000) (1024K)]
  0x00000259a378d2a0 WorkerThread "GC Thread#0"                     [id=16316, stack(0x000000b35ea00000,0x000000b35eb00000) (1024K)]
  0x00000259a378c7c0 WorkerThread "GC Thread#1"                     [id=16056, stack(0x000000b35fd00000,0x000000b35fe00000) (1024K)]
  0x00000259a378d640 WorkerThread "GC Thread#2"                     [id=7020, stack(0x000000b35fe00000,0x000000b35ff00000) (1024K)]
=>0x00000259a378cf00 WorkerThread "GC Thread#3"                     [id=11660, stack(0x000000b35ff00000,0x000000b360000000) (1024K)]
  0x00000259b9ab6790 WorkerThread "GC Thread#4"                     [id=9152, stack(0x000000b360000000,0x000000b360100000) (1024K)]
  0x00000259b9ab7610 WorkerThread "GC Thread#5"                     [id=8804, stack(0x000000b360100000,0x000000b360200000) (1024K)]
  0x00000259b9ab7d50 WorkerThread "GC Thread#6"                     [id=11536, stack(0x000000b360300000,0x000000b360400000) (1024K)]
  0x00000259b9ab9310 WorkerThread "GC Thread#7"                     [id=13680, stack(0x000000b360400000,0x000000b360500000) (1024K)]
  0x00000259b9ab8490 WorkerThread "GC Thread#8"                     [id=8032, stack(0x000000b360500000,0x000000b360600000) (1024K)]
  0x00000259b9ab6050 WorkerThread "GC Thread#9"                     [id=4368, stack(0x000000b360600000,0x000000b360700000) (1024K)]
  0x00000259a5a92380 ConcurrentGCThread "G1 Main Marker"            [id=16592, stack(0x000000b35eb00000,0x000000b35ec00000) (1024K)]
  0x00000259a378cb60 WorkerThread "G1 Conc#0"                       [id=1336, stack(0x000000b35ec00000,0x000000b35ed00000) (1024K)]
  0x00000259b9ab8f70 WorkerThread "G1 Conc#1"                       [id=18932, stack(0x000000b360200000,0x000000b360300000) (1024K)]
  0x00000259b9ab63f0 WorkerThread "G1 Conc#2"                       [id=9380, stack(0x000000b360700000,0x000000b360800000) (1024K)]
  0x00000259b8f68e30 ConcurrentGCThread "G1 Refine#0"               [id=17884, stack(0x000000b35ed00000,0x000000b35ee00000) (1024K)]
  0x00000259b8f6bd90 ConcurrentGCThread "G1 Service"                [id=16356, stack(0x000000b35ee00000,0x000000b35ef00000) (1024K)]
Total: 18

Threads with active compile tasks:
Total: 0

VM state: at safepoint (normal execution)

VM Mutex/Monitor currently owned by a thread:  ([mutex/lock_event])
[0x00007ffcd4b8e380] Threads_lock - owner thread: 0x00000259a378dd80
[0x00007ffcd4b8e480] Heap_lock - owner thread: 0x00000259a37bd900

Heap address: 0x0000000701400000, size: 4076 MB, Compressed Oops mode: Zero based, Oop shift amount: 3

CDS archive(s) mapped at: [0x00000259ba000000-0x00000259bac80000-0x00000259bac80000), size 13107200, SharedBaseAddress: 0x00000259ba000000, ArchiveRelocationMode: 1.
Compressed class space mapped at: 0x00000259bb000000-0x00000259fb000000, reserved size: 1073741824
Narrow klass base: 0x00000259ba000000, Narrow klass shift: 0, Narrow klass range: 0x100000000

GC Precious Log:
 CardTable entry size: 512
 Card Set container configuration: InlinePtr #cards 4 size 8 Array Of Cards #cards 16 size 48 Howl #buckets 8 coarsen threshold 3686 Howl Bitmap #cards 512 size 80 coarsen threshold 460 Card regions per heap region 1 cards per card region 4096
 CPUs: 12 total, 12 available
 Memory: 16296M
 Large Page Support: Disabled
 NUMA Support: Disabled
 Compressed Oops: Enabled (Zero based)
 Heap Region Size: 2M
 Heap Min Capacity: 8M
 Heap Initial Capacity: 256M
 Heap Max Capacity: 4076M
 Pre-touch: Disabled
 Parallel Workers: 10
 Concurrent Workers: 3
 Concurrent Refinement Workers: 10
 Periodic GC: Disabled

Heap:
 garbage-first heap   total 69632K, used 61850K [0x0000000701400000, 0x0000000800000000)
  region size 2048K, 24 young (49152K), 3 survivors (6144K)
 Metaspace       used 43802K, committed 44352K, reserved 1114112K
  class space    used 6019K, committed 6272K, reserved 1048576K

Heap Regions: E=young(eden), S=young(survivor), O=old, HS=humongous(starts), HC=humongous(continues), CS=collection set, F=free, TAMS=top-at-mark-start, PB=parsable bottom
|   0|0x0000000701400000, 0x0000000701600000, 0x0000000701600000|100%| O|  |TAMS 0x0000000701400000| PB 0x0000000701400000| Untracked 
|   1|0x0000000701600000, 0x0000000701800000, 0x0000000701800000|100%| O|  |TAMS 0x0000000701600000| PB 0x0000000701600000| Untracked 
|   2|0x0000000701800000, 0x0000000701a00000, 0x0000000701a00000|100%| O|  |TAMS 0x0000000701800000| PB 0x0000000701800000| Untracked 
|   3|0x0000000701a00000, 0x0000000701ba9e18, 0x0000000701c00000| 83%| S|  |TAMS 0x0000000701a00000| PB 0x0000000701a00000| Complete 
|   4|0x0000000701c00000, 0x0000000701e00000, 0x0000000701e00000|100%| O|  |TAMS 0x0000000701c00000| PB 0x0000000701c00000| Untracked 
|   5|0x0000000701e00000, 0x0000000702000000, 0x0000000702000000|100%| O|  |TAMS 0x0000000701e00000| PB 0x0000000701e00000| Untracked 
|   6|0x0000000702000000, 0x0000000702200000, 0x0000000702200000|100%| O|  |TAMS 0x0000000702000000| PB 0x0000000702000000| Untracked 
|   7|0x0000000702200000, 0x0000000702400000, 0x0000000702400000|100%| O|  |TAMS 0x0000000702200000| PB 0x0000000702200000| Untracked 
|   8|0x0000000702400000, 0x0000000702600000, 0x0000000702600000|100%| O|Cm|TAMS 0x0000000702400000| PB 0x0000000702400000| Complete 
|   9|0x0000000702600000, 0x0000000702800000, 0x0000000702800000|100%| S|  |TAMS 0x0000000702600000| PB 0x0000000702600000| Complete 
|  10|0x0000000702800000, 0x0000000702a00000, 0x0000000702a00000|100%| S|  |TAMS 0x0000000702800000| PB 0x0000000702800000| Complete 
|  11|0x0000000702a00000, 0x0000000702c00000, 0x0000000702c00000|100%| E|CS|TAMS 0x0000000702a00000| PB 0x0000000702a00000| Complete 
|  12|0x0000000702c00000, 0x0000000702e00000, 0x0000000702e00000|100%| E|CS|TAMS 0x0000000702c00000| PB 0x0000000702c00000| Complete 
|  13|0x0000000702e00000, 0x0000000703000000, 0x0000000703000000|100%| E|CS|TAMS 0x0000000702e00000| PB 0x0000000702e00000| Complete 
|  14|0x0000000703000000, 0x0000000703200000, 0x0000000703200000|100%| E|CS|TAMS 0x0000000703000000| PB 0x0000000703000000| Complete 
|  15|0x0000000703200000, 0x0000000703400000, 0x0000000703400000|100%| E|CS|TAMS 0x0000000703200000| PB 0x0000000703200000| Complete 
|  16|0x0000000703400000, 0x0000000703600000, 0x0000000703600000|100%| E|CS|TAMS 0x0000000703400000| PB 0x0000000703400000| Complete 
|  17|0x0000000703600000, 0x0000000703800000, 0x0000000703800000|100%| E|CS|TAMS 0x0000000703600000| PB 0x0000000703600000| Complete 
|  18|0x0000000703800000, 0x0000000703a00000, 0x0000000703a00000|100%| E|CS|TAMS 0x0000000703800000| PB 0x0000000703800000| Complete 
|  19|0x0000000703a00000, 0x0000000703c00000, 0x0000000703c00000|100%| E|CS|TAMS 0x0000000703a00000| PB 0x0000000703a00000| Complete 
|  20|0x0000000703c00000, 0x0000000703e00000, 0x0000000703e00000|100%| E|CS|TAMS 0x0000000703c00000| PB 0x0000000703c00000| Complete 
|  21|0x0000000703e00000, 0x0000000704000000, 0x0000000704000000|100%| E|CS|TAMS 0x0000000703e00000| PB 0x0000000703e00000| Complete 
|  22|0x0000000704000000, 0x0000000704200000, 0x0000000704200000|100%| E|CS|TAMS 0x0000000704000000| PB 0x0000000704000000| Complete 
|  23|0x0000000704200000, 0x0000000704400000, 0x0000000704400000|100%| E|CS|TAMS 0x0000000704200000| PB 0x0000000704200000| Complete 
|  24|0x0000000704400000, 0x0000000704600000, 0x0000000704600000|100%| E|CS|TAMS 0x0000000704400000| PB 0x0000000704400000| Complete 
|  25|0x0000000704600000, 0x0000000704800000, 0x0000000704800000|100%| E|CS|TAMS 0x0000000704600000| PB 0x0000000704600000| Complete 
|  26|0x0000000704800000, 0x0000000704a00000, 0x0000000704a00000|100%| E|CS|TAMS 0x0000000704800000| PB 0x0000000704800000| Complete 
|  27|0x0000000704a00000, 0x0000000704c00000, 0x0000000704c00000|100%| E|CS|TAMS 0x0000000704a00000| PB 0x0000000704a00000| Complete 
|  28|0x0000000704c00000, 0x0000000704e00000, 0x0000000704e00000|100%| E|CS|TAMS 0x0000000704c00000| PB 0x0000000704c00000| Complete 
|  29|0x0000000704e00000, 0x0000000705000000, 0x0000000705000000|100%| E|CS|TAMS 0x0000000704e00000| PB 0x0000000704e00000| Complete 
|  30|0x0000000705000000, 0x0000000705200000, 0x0000000705200000|100%| E|CS|TAMS 0x0000000705000000| PB 0x0000000705000000| Complete 
| 100|0x000000070dc00000, 0x000000070dc66b48, 0x000000070de00000| 20%| E|CS|TAMS 0x000000070dc00000| PB 0x000000070dc00000| Complete 
| 101|0x000000070de00000, 0x000000070e000000, 0x000000070e000000|100%| E|CS|TAMS 0x000000070de00000| PB 0x000000070de00000| Complete 
| 127|0x0000000711200000, 0x0000000711400000, 0x0000000711400000|100%| E|CS|TAMS 0x0000000711200000| PB 0x0000000711200000| Complete 

Card table byte_map: [0x00000259b1c20000,0x00000259b2420000] _byte_map_base: 0x00000259ae416000

Marking Bits: (CMBitMap*) 0x00000259a5a819b0
 Bits: [0x00000259b2420000, 0x00000259b63d0000)

Polling page: 0x00000259a51d0000

Metaspace:

Usage:
  Non-class:     36.90 MB used.
      Class:      5.88 MB used.
       Both:     42.78 MB used.

Virtual space:
  Non-class space:       64.00 MB reserved,      37.19 MB ( 58%) committed,  1 nodes.
      Class space:        1.00 GB reserved,       6.12 MB ( <1%) committed,  1 nodes.
             Both:        1.06 GB reserved,      43.31 MB (  4%) committed. 

Chunk freelists:
   Non-Class:  10.34 MB
       Class:  9.80 MB
        Both:  20.14 MB

MaxMetaspaceSize: unlimited
CompressedClassSpaceSize: 1.00 GB
Initial GC threshold: 21.00 MB
Current GC threshold: 49.31 MB
CDS: on
 - commit_granule_bytes: 65536.
 - commit_granule_words: 8192.
 - virtual_space_node_default_size: 8388608.
 - enlarge_chunks_in_place: 1.
 - use_allocation_guard: 0.


Internal statistics:

num_allocs_failed_limit: 3.
num_arena_births: 716.
num_arena_deaths: 0.
num_vsnodes_births: 2.
num_vsnodes_deaths: 0.
num_space_committed: 693.
num_space_uncommitted: 0.
num_chunks_returned_to_freelist: 3.
num_chunks_taken_from_freelist: 2258.
num_chunk_merges: 3.
num_chunk_splits: 1573.
num_chunks_enlarged: 1173.
num_inconsistent_stats: 0.

CodeCache: size=49152Kb used=9692Kb max_used=9692Kb free=39459Kb
 bounds [0x00000259ae0f0000, 0x00000259aea70000, 0x00000259b10f0000]
 total_blobs=4855 nmethods=4222 adapters=554
 compilation: enabled
              stopped_count=0, restarted_count=0
 full_count=0

Compilation events (20 events):
Event: 2.223 Thread 0x00000259b921cac0 4256       1       javax.crypto.JceSecurity$WeakIdentityWrapper::hashCode (5 bytes)
Event: 2.223 Thread 0x00000259b921cac0 nmethod 4256 0x00000259aea61790 code [0x00000259aea61920, 0x00000259aea619e8]
Event: 2.223 Thread 0x00000259b921cac0 4257       1       com.sun.crypto.provider.AESCrypt::getBlockSize (3 bytes)
Event: 2.223 Thread 0x00000259b921cac0 nmethod 4257 0x00000259aea61a90 code [0x00000259aea61c20, 0x00000259aea61ce8]
Event: 2.224 Thread 0x00000259b921cac0 4258       1       java.nio.Buffer::clear (20 bytes)
Event: 2.224 Thread 0x00000259b921cac0 nmethod 4258 0x00000259aea61d90 code [0x00000259aea61f20, 0x00000259aea62000]
Event: 2.224 Thread 0x00000259b921cac0 4259       1       java.nio.MappedByteBuffer::limit (6 bytes)
Event: 2.224 Thread 0x00000259b921cac0 nmethod 4259 0x00000259aea62090 code [0x00000259aea62240, 0x00000259aea62338]
Event: 2.224 Thread 0x00000259b921cac0 4260       1       sun.nio.ch.Util::isBufferTooLarge (15 bytes)
Event: 2.224 Thread 0x00000259b921cac0 nmethod 4260 0x00000259aea62410 code [0x00000259aea625a0, 0x00000259aea62670]
Event: 2.225 Thread 0x00000259b921cac0 4261       1       com.mysql.cj.protocol.a.NativeServerSession::getCharsetSettings (5 bytes)
Event: 2.225 Thread 0x00000259b921cac0 nmethod 4261 0x00000259aea62710 code [0x00000259aea628a0, 0x00000259aea62970]
Event: 2.225 Thread 0x00000259b921cac0 4262       1       java.nio.MappedByteBuffer::position (6 bytes)
Event: 2.225 Thread 0x00000259b921cac0 nmethod 4262 0x00000259aea62a10 code [0x00000259aea62bc0, 0x00000259aea62cb8]
Event: 2.235 Thread 0x00000259b921cac0 4263   !   1       jdk.proxy1.$Proxy0::annotationType (29 bytes)
Event: 2.235 Thread 0x00000259b921cac0 nmethod 4263 0x00000259aea64790 code [0x00000259aea64960, 0x00000259aea64b90]
Event: 2.237 Thread 0x00000259b921cac0 4264       1       java.lang.WeakPairMap$Pair::lookup (10 bytes)
Event: 2.237 Thread 0x00000259b9121630 4265       1       java.lang.WeakPairMap$Pair$Lookup::<init> (21 bytes)
Event: 2.238 Thread 0x00000259b9121630 nmethod 4265 0x00000259aea66810 code [0x00000259aea669c0, 0x00000259aea66c88]
Event: 2.238 Thread 0x00000259b921cac0 nmethod 4264 0x00000259aea66d90 code [0x00000259aea66f40, 0x00000259aea67250]

GC Heap History (13 events):
Event: 0.317 GC heap before
{Heap before GC invocations=0 (full 0):
 garbage-first heap   total 262144K, used 20480K [0x0000000701400000, 0x0000000800000000)
  region size 2048K, 11 young (22528K), 0 survivors (0K)
 Metaspace       used 4290K, committed 4480K, reserved 1114112K
  class space    used 561K, committed 640K, reserved 1048576K
}
Event: 0.320 GC heap after
{Heap after GC invocations=1 (full 0):
 garbage-first heap   total 262144K, used 7118K [0x0000000701400000, 0x0000000800000000)
  region size 2048K, 2 young (4096K), 2 survivors (4096K)
 Metaspace       used 4290K, committed 4480K, reserved 1114112K
  class space    used 561K, committed 640K, reserved 1048576K
}
Event: 0.551 GC heap before
{Heap before GC invocations=1 (full 0):
 garbage-first heap   total 262144K, used 31694K [0x0000000701400000, 0x0000000800000000)
  region size 2048K, 15 young (30720K), 2 survivors (4096K)
 Metaspace       used 10700K, committed 11008K, reserved 1114112K
  class space    used 1424K, committed 1536K, reserved 1048576K
}
Event: 0.555 GC heap after
{Heap after GC invocations=2 (full 0):
 garbage-first heap   total 262144K, used 9542K [0x0000000701400000, 0x0000000800000000)
  region size 2048K, 2 young (4096K), 2 survivors (4096K)
 Metaspace       used 10700K, committed 11008K, reserved 1114112K
  class space    used 1424K, committed 1536K, reserved 1048576K
}
Event: 0.875 GC heap before
{Heap before GC invocations=2 (full 0):
 garbage-first heap   total 262144K, used 50502K [0x0000000701400000, 0x0000000800000000)
  region size 2048K, 24 young (49152K), 2 survivors (4096K)
 Metaspace       used 17703K, committed 17984K, reserved 1114112K
  class space    used 2373K, committed 2496K, reserved 1048576K
}
Event: 0.879 GC heap after
{Heap after GC invocations=3 (full 0):
 garbage-first heap   total 262144K, used 13478K [0x0000000701400000, 0x0000000800000000)
  region size 2048K, 4 young (8192K), 4 survivors (8192K)
 Metaspace       used 17703K, committed 17984K, reserved 1114112K
  class space    used 2373K, committed 2496K, reserved 1048576K
}
Event: 1.282 GC heap before
{Heap before GC invocations=4 (full 0):
 garbage-first heap   total 55296K, used 52390K [0x0000000701400000, 0x0000000800000000)
  region size 2048K, 23 young (47104K), 4 survivors (8192K)
 Metaspace       used 23487K, committed 23936K, reserved 1114112K
  class space    used 3282K, committed 3456K, reserved 1048576K
}
Event: 1.289 GC heap after
{Heap after GC invocations=5 (full 0):
 garbage-first heap   total 65536K, used 16955K [0x0000000701400000, 0x0000000800000000)
  region size 2048K, 5 young (10240K), 5 survivors (10240K)
 Metaspace       used 23487K, committed 23936K, reserved 1114112K
  class space    used 3282K, committed 3456K, reserved 1048576K
}
Event: 1.563 GC heap before
{Heap before GC invocations=5 (full 0):
 garbage-first heap   total 65536K, used 45627K [0x0000000701400000, 0x0000000800000000)
  region size 2048K, 19 young (38912K), 5 survivors (10240K)
 Metaspace       used 28101K, committed 28672K, reserved 1114112K
  class space    used 3856K, committed 4096K, reserved 1048576K
}
Event: 1.569 GC heap after
{Heap after GC invocations=6 (full 0):
 garbage-first heap   total 65536K, used 19224K [0x0000000701400000, 0x0000000800000000)
  region size 2048K, 2 young (4096K), 2 survivors (4096K)
 Metaspace       used 28101K, committed 28672K, reserved 1114112K
  class space    used 3856K, committed 4096K, reserved 1048576K
}
Event: 1.642 GC heap before
{Heap before GC invocations=6 (full 0):
 garbage-first heap   total 65536K, used 23320K [0x0000000701400000, 0x0000000800000000)
  region size 2048K, 5 young (10240K), 2 survivors (4096K)
 Metaspace       used 29496K, committed 30016K, reserved 1114112K
  class space    used 4064K, committed 4288K, reserved 1048576K
}
Event: 1.644 GC heap after
{Heap after GC invocations=7 (full 0):
 garbage-first heap   total 79872K, used 18842K [0x0000000701400000, 0x0000000800000000)
  region size 2048K, 2 young (4096K), 2 survivors (4096K)
 Metaspace       used 29496K, committed 30016K, reserved 1114112K
  class space    used 4064K, committed 4288K, reserved 1048576K
}
Event: 2.239 GC heap before
{Heap before GC invocations=8 (full 0):
 garbage-first heap   total 69632K, used 61850K [0x0000000701400000, 0x0000000800000000)
  region size 2048K, 23 young (47104K), 2 survivors (4096K)
 Metaspace       used 43802K, committed 44352K, reserved 1114112K
  class space    used 6019K, committed 6272K, reserved 1048576K
}

Dll operation events (10 events):
Event: 0.005 Loaded shared library C:\Program Files\Eclipse Adoptium\jdk-21.0.6.7-hotspot\bin\java.dll
Event: 0.067 Loaded shared library C:\Program Files\Eclipse Adoptium\jdk-21.0.6.7-hotspot\bin\net.dll
Event: 0.068 Loaded shared library C:\Program Files\Eclipse Adoptium\jdk-21.0.6.7-hotspot\bin\nio.dll
Event: 0.071 Loaded shared library C:\Program Files\Eclipse Adoptium\jdk-21.0.6.7-hotspot\bin\zip.dll
Event: 0.141 Loaded shared library C:\Program Files\Eclipse Adoptium\jdk-21.0.6.7-hotspot\bin\jimage.dll
Event: 0.676 Loaded shared library C:\Program Files\Eclipse Adoptium\jdk-21.0.6.7-hotspot\bin\sunmscapi.dll
Event: 1.399 Loaded shared library C:\Program Files\Eclipse Adoptium\jdk-21.0.6.7-hotspot\bin\management.dll
Event: 1.401 Loaded shared library C:\Program Files\Eclipse Adoptium\jdk-21.0.6.7-hotspot\bin\management_ext.dll
Event: 1.746 Loaded shared library C:\Program Files\Eclipse Adoptium\jdk-21.0.6.7-hotspot\bin\verify.dll
Event: 1.926 Loaded shared library C:\Program Files\Eclipse Adoptium\jdk-21.0.6.7-hotspot\bin\extnet.dll

Deoptimization events (0 events):
No events

Classes loaded (20 events):
Event: 2.089 Loading class sun/security/ssl/NewSessionTicket$NewSessionTicketMessage done
Event: 2.089 Loading class sun/security/ssl/NewSessionTicket$T13NewSessionTicketMessage done
Event: 2.106 Loading class java/util/concurrent/ThreadPoolExecutor$CallerRunsPolicy
Event: 2.106 Loading class java/util/concurrent/ThreadPoolExecutor$CallerRunsPolicy done
Event: 2.106 Loading class java/util/concurrent/atomic/AtomicReferenceFieldUpdater
Event: 2.106 Loading class java/util/concurrent/atomic/AtomicReferenceFieldUpdater done
Event: 2.106 Loading class java/util/concurrent/atomic/AtomicReferenceFieldUpdater$AtomicReferenceFieldUpdaterImpl
Event: 2.107 Loading class java/util/concurrent/atomic/AtomicReferenceFieldUpdater$AtomicReferenceFieldUpdaterImpl done
Event: 2.107 Loading class java/util/concurrent/atomic/AtomicReferenceFieldUpdater$AtomicReferenceFieldUpdaterImpl$1
Event: 2.107 Loading class java/util/concurrent/atomic/AtomicReferenceFieldUpdater$AtomicReferenceFieldUpdaterImpl$1 done
Event: 2.114 Loading class java/util/TimerTask
Event: 2.114 Loading class java/util/TimerTask done
Event: 2.148 Loading class java/io/CharArrayWriter
Event: 2.148 Loading class java/io/CharArrayWriter done
Event: 2.148 Loading class java/lang/StringIndexOutOfBoundsException
Event: 2.148 Loading class java/lang/StringIndexOutOfBoundsException done
Event: 2.157 Loading class jdk/internal/reflect/MethodHandleIntegerFieldAccessorImpl
Event: 2.157 Loading class jdk/internal/reflect/MethodHandleIntegerFieldAccessorImpl done
Event: 2.237 Loading class jdk/internal/ValueBased
Event: 2.237 Loading class jdk/internal/ValueBased done

Classes unloaded (0 events):
No events

Classes redefined (0 events):
No events

Internal exceptions (20 events):
Event: 1.260 Thread 0x00000259a37bd900 Exception <a 'java/lang/IncompatibleClassChangeError'{0x0000000701fc1378}: Found class java.lang.Object, but interface was expected> (0x0000000701fc1378) 
thrown [s\src\hotspot\share\interpreter\linkResolver.cpp, line 840]
Event: 1.260 Thread 0x00000259a37bd900 Exception <a 'java/lang/NoSuchMethodError'{0x0000000701fcf8e0}: 'int java.lang.invoke.DirectMethodHandle$Holder.invokeSpecialIFC(java.lang.Object, java.lang.Object, java.lang.Object)'> (0x0000000701fcf8e0) 
thrown [s\src\hotspot\share\interpreter\linkResolver.cpp, line 773]
Event: 1.261 Thread 0x00000259a37bd900 Exception <a 'java/lang/NoSuchMethodError'{0x0000000701fe4df8}: 'void java.lang.invoke.DirectMethodHandle$Holder.invokeStatic(java.lang.Object, int, java.lang.Object)'> (0x0000000701fe4df8) 
thrown [s\src\hotspot\share\interpreter\linkResolver.cpp, line 773]
Event: 1.272 Thread 0x00000259a37bd900 Exception <a 'java/lang/NoSuchMethodError'{0x0000000701c8c1a0}: 'void java.lang.invoke.DirectMethodHandle$Holder.invokeStatic(java.lang.Object, java.lang.Object, java.lang.Object, int, java.lang.Object)'> (0x0000000701c8c1a0) 
thrown [s\src\hotspot\share\interpreter\linkResolver.cpp, line 773]
Event: 1.272 Thread 0x00000259a37bd900 Exception <a 'java/lang/NoSuchMethodError'{0x0000000701c92a88}: 'java.lang.Object java.lang.invoke.DirectMethodHandle$Holder.newInvokeSpecial(java.lang.Object, java.lang.Object, java.lang.Object, int)'> (0x0000000701c92a88) 
thrown [s\src\hotspot\share\interpreter\linkResolver.cpp, line 773]
Event: 1.272 Thread 0x00000259a37bd900 Exception <a 'java/lang/NoSuchMethodError'{0x0000000701c96918}: 'java.lang.Object java.lang.invoke.DirectMethodHandle$Holder.invokeSpecial(java.lang.Object, java.lang.Object, java.lang.Object, java.lang.Object, int)'> (0x0000000701c96918) 
thrown [s\src\hotspot\share\interpreter\linkResolver.cpp, line 773]
Event: 1.272 Thread 0x00000259a37bd900 Exception <a 'java/lang/NoSuchMethodError'{0x0000000701c99dc0}: 'java.lang.Object java.lang.invoke.Invokers$Holder.linkToTargetMethod(java.lang.Object, java.lang.Object, int, java.lang.Object)'> (0x0000000701c99dc0) 
thrown [s\src\hotspot\share\interpreter\linkResolver.cpp, line 773]
Event: 1.319 Thread 0x00000259a37bd900 Exception <a 'java/lang/NoSuchMethodError'{0x000000070e19e228}: 'java.lang.Object java.lang.invoke.DirectMethodHandle$Holder.invokeStaticInit(java.lang.Object, int, int, int, int)'> (0x000000070e19e228) 
thrown [s\src\hotspot\share\interpreter\linkResolver.cpp, line 773]
Event: 1.331 Thread 0x00000259a37bd900 Exception <a 'java/lang/NoSuchMethodError'{0x000000070de639c8}: 'java.lang.Object java.lang.invoke.DirectMethodHandle$Holder.invokeStaticInit(java.lang.Object, java.lang.Object, int, int, int, int)'> (0x000000070de639c8) 
thrown [s\src\hotspot\share\interpreter\linkResolver.cpp, line 773]
Event: 1.386 Thread 0x00000259a37bd900 Exception <a 'java/lang/NoSuchMethodError'{0x0000000703ffef00}: 'int java.lang.invoke.DirectMethodHandle$Holder.invokeVirtual(java.lang.Object, java.lang.Object, java.lang.Object, java.lang.Object)'> (0x0000000703ffef00) 
thrown [s\src\hotspot\share\interpreter\linkResolver.cpp, line 773]
Event: 1.386 Thread 0x00000259a37bd900 Exception <a 'java/lang/NoSuchMethodError'{0x0000000703c02ab0}: 'int java.lang.invoke.DelegatingMethodHandle$Holder.reinvoke_L(java.lang.Object, java.lang.Object, java.lang.Object, java.lang.Object)'> (0x0000000703c02ab0) 
thrown [s\src\hotspot\share\interpreter\linkResolver.cpp, line 773]
Event: 1.408 Thread 0x00000259a37bd900 Exception <a 'java/io/FileNotFoundException'{0x0000000703d24fd8}> (0x0000000703d24fd8) 
thrown [s\src\hotspot\share\prims\jni.cpp, line 520]
Event: 1.438 Thread 0x00000259a37bd900 Exception <a 'java/lang/NoSuchMethodError'{0x0000000703bbc218}: 'int java.lang.invoke.DirectMethodHandle$Holder.invokeInterface(java.lang.Object, java.lang.Object, java.lang.Object, java.lang.Object)'> (0x0000000703bbc218) 
thrown [s\src\hotspot\share\interpreter\linkResolver.cpp, line 773]
Event: 1.468 Thread 0x00000259a37bd900 Exception <a 'java/lang/NoSuchMethodError'{0x000000070361edd0}: 'long java.lang.invoke.DirectMethodHandle$Holder.invokeVirtual(java.lang.Object, java.lang.Object)'> (0x000000070361edd0) 
thrown [s\src\hotspot\share\interpreter\linkResolver.cpp, line 773]
Event: 1.515 Thread 0x00000259a37bd900 Exception <a 'java/lang/NoSuchMethodError'{0x000000070301dbe0}: 'java.lang.Object java.lang.invoke.DirectMethodHandle$Holder.newInvokeSpecial(java.lang.Object, java.lang.Object, java.lang.Object, java.lang.Object, java.lang.Object, java.lang.Object, java.lang.Object, java.lang.Object, java.lang.Object, java.lang.Object, java.lang.Object)'> (0x000000070301dbe0) 
thrown [s\src\hotspot\share\interpreter\linkResolver.cpp, line 773]
Event: 1.559 Thread 0x00000259a37bd900 Exception <a 'java/lang/NoSuchMethodError'{0x0000000702fa3648}: 'void java.lang.invoke.DelegatingMethodHandle$Holder.reinvoke_L(java.lang.Object, java.lang.Object, java.lang.Object, java.lang.Object, int, java.lang.Object, java.lang.Object, java.lang.Object)'> (0x0000000702fa3648) 
thrown [s\src\hotspot\share\interpreter\linkResolver.cpp, line 773]
Event: 1.856 Thread 0x00000259a37bd900 Exception <a 'java/lang/NoSuchMethodError'{0x0000000704051e90}: 'int java.lang.invoke.DirectMethodHandle$Holder.invokeStatic(java.lang.Object)'> (0x0000000704051e90) 
thrown [s\src\hotspot\share\interpreter\linkResolver.cpp, line 773]
Event: 1.970 Thread 0x00000259a37bd900 Exception <a 'sun/nio/fs/WindowsException'{0x00000007038fa398}> (0x00000007038fa398) 
thrown [s\src\hotspot\share\prims\jni.cpp, line 520]
Event: 2.149 Thread 0x00000259a37bd900 Exception <a 'java/lang/NoSuchMethodError'{0x0000000703344188}: 'java.lang.Object java.lang.invoke.DirectMethodHandle$Holder.invokeStaticInit(java.lang.Object, java.lang.Object, java.lang.Object, java.lang.Object)'> (0x0000000703344188) 
thrown [s\src\hotspot\share\interpreter\linkResolver.cpp, line 773]
Event: 2.157 Thread 0x00000259a37bd900 Exception <a 'java/lang/NoSuchMethodError'{0x0000000703008eb8}: 'int java.lang.invoke.Invokers$Holder.invokeExact_MT(java.lang.Object, java.lang.Object)'> (0x0000000703008eb8) 
thrown [s\src\hotspot\share\interpreter\linkResolver.cpp, line 773]

ZGC Phase Switch (0 events):
No events

VM Operations (20 events):
Event: 1.513 Executing VM operation: HandshakeAllThreads (Deoptimize) done
Event: 1.563 Executing VM operation: G1CollectForAllocation (G1 Evacuation Pause)
Event: 1.569 Executing VM operation: G1CollectForAllocation (G1 Evacuation Pause) done
Event: 1.596 Executing VM operation: HandshakeAllThreads (Deoptimize)
Event: 1.596 Executing VM operation: HandshakeAllThreads (Deoptimize) done
Event: 1.642 Executing VM operation: CollectForMetadataAllocation (Metadata GC Threshold)
Event: 1.644 Executing VM operation: CollectForMetadataAllocation (Metadata GC Threshold) done
Event: 1.653 Executing VM operation: G1PauseRemark
Event: 1.654 Executing VM operation: G1PauseRemark done
Event: 1.657 Executing VM operation: G1PauseCleanup
Event: 1.657 Executing VM operation: G1PauseCleanup done
Event: 1.950 Executing VM operation: HandshakeAllThreads (Deoptimize)
Event: 1.950 Executing VM operation: HandshakeAllThreads (Deoptimize) done
Event: 1.971 Executing VM operation: HandshakeAllThreads (Deoptimize)
Event: 1.971 Executing VM operation: HandshakeAllThreads (Deoptimize) done
Event: 1.974 Executing VM operation: HandshakeAllThreads (Deoptimize)
Event: 1.974 Executing VM operation: HandshakeAllThreads (Deoptimize) done
Event: 2.074 Executing VM operation: HandshakeAllThreads (Deoptimize)
Event: 2.074 Executing VM operation: HandshakeAllThreads (Deoptimize) done
Event: 2.239 Executing VM operation: G1CollectForAllocation (G1 Evacuation Pause)

Memory protections (0 events):
No events

Nmethod flushes (20 events):
Event: 1.654 Thread 0x00000259a378dd80 flushing  nmethod 0x00000259ae355f90
Event: 1.654 Thread 0x00000259a378dd80 flushing  nmethod 0x00000259ae384d90
Event: 1.654 Thread 0x00000259a378dd80 flushing  nmethod 0x00000259ae385890
Event: 1.654 Thread 0x00000259a378dd80 flushing  nmethod 0x00000259ae3b8410
Event: 1.654 Thread 0x00000259a378dd80 flushing  nmethod 0x00000259ae3b8790
Event: 1.654 Thread 0x00000259a378dd80 flushing  nmethod 0x00000259ae4b0390
Event: 1.654 Thread 0x00000259a378dd80 flushing  nmethod 0x00000259ae4b1690
Event: 1.654 Thread 0x00000259a378dd80 flushing  nmethod 0x00000259ae5e2810
Event: 1.654 Thread 0x00000259a378dd80 flushing  nmethod 0x00000259ae331690
Event: 1.654 Thread 0x00000259a378dd80 flushing  nmethod 0x00000259ae331c90
Event: 1.654 Thread 0x00000259a378dd80 flushing  nmethod 0x00000259ae36b510
Event: 1.654 Thread 0x00000259a378dd80 flushing  nmethod 0x00000259ae36be10
Event: 1.654 Thread 0x00000259a378dd80 flushing  nmethod 0x00000259ae4a0010
Event: 1.654 Thread 0x00000259a378dd80 flushing  nmethod 0x00000259ae5cb810
Event: 1.654 Thread 0x00000259a378dd80 flushing  nmethod 0x00000259ae365a90
Event: 1.654 Thread 0x00000259a378dd80 flushing  nmethod 0x00000259ae5d7c90
Event: 1.654 Thread 0x00000259a378dd80 flushing  nmethod 0x00000259ae351c90
Event: 1.654 Thread 0x00000259a378dd80 flushing  nmethod 0x00000259ae4b8c10
Event: 1.654 Thread 0x00000259a378dd80 flushing  nmethod 0x00000259ae4feb90
Event: 1.654 Thread 0x00000259a378dd80 flushing  nmethod 0x00000259ae5ac690

Events (20 events):
Event: 0.024 Thread 0x00000259a37bd900 Thread added: 0x00000259b90d9ab0
Event: 0.024 Thread 0x00000259a37bd900 Thread added: 0x00000259b90deb90
Event: 0.024 Thread 0x00000259a37bd900 Thread added: 0x00000259b90e20f0
Event: 0.024 Thread 0x00000259a37bd900 Thread added: 0x00000259b9120830
Event: 0.024 Thread 0x00000259a37bd900 Thread added: 0x00000259b9121630
Event: 0.060 Thread 0x00000259b9121630 Thread added: 0x00000259b921bd20
Event: 0.061 Thread 0x00000259b921bd20 Thread added: 0x00000259b921cac0
Event: 0.062 Thread 0x00000259a37bd900 Thread added: 0x00000259b9240c30
Event: 0.064 Thread 0x00000259a37bd900 Thread added: 0x00000259b9243460
Event: 0.179 Thread 0x00000259b921bd20 Thread added: 0x00000259b921d190
Event: 0.469 Thread 0x00000259a37bd900 Thread added: 0x00000259b9bddc60
Event: 0.669 Thread 0x00000259a37bd900 Thread added: 0x00000259ff2f3370
Event: 0.683 Thread 0x00000259ff2f3370 Thread exited: 0x00000259ff2f3370
Event: 0.692 Thread 0x00000259b9bddc60 Thread exited: 0x00000259b9bddc60
Event: 1.476 Thread 0x00000259a37bd900 Thread added: 0x00000259ff9bc450
Event: 1.476 Thread 0x00000259ff9bc450 Thread added: 0x00000259ffa2ab20
Event: 1.479 Thread 0x00000259a37bd900 Thread added: 0x00000259ff9e7030
Event: 1.493 Thread 0x00000259a37bd900 Thread added: 0x00000259ffa34d70
Event: 2.105 Thread 0x00000259a37bd900 Thread added: 0x00000259fff9b410
Event: 2.212 Thread 0x00000259fff9b410 Thread added: 0x00000259804e8220


Dynamic libraries:
0x00007ff7e66c0000 - 0x00007ff7e66ce000 	C:\Program Files\Eclipse Adoptium\jdk-21.0.6.7-hotspot\bin\java.exe
0x00007ffd947d0000 - 0x00007ffd949e7000 	C:\Windows\SYSTEM32\ntdll.dll
0x00007ffd92e40000 - 0x00007ffd92f04000 	C:\Windows\System32\KERNEL32.DLL
0x00007ffd91dd0000 - 0x00007ffd921a3000 	C:\Windows\System32\KERNELBASE.dll
0x00007ffd91960000 - 0x00007ffd91a71000 	C:\Windows\System32\ucrtbase.dll
0x00007ffd677b0000 - 0x00007ffd677c8000 	C:\Program Files\Eclipse Adoptium\jdk-21.0.6.7-hotspot\bin\jli.dll
0x00007ffd677d0000 - 0x00007ffd677ee000 	C:\Program Files\Eclipse Adoptium\jdk-21.0.6.7-hotspot\bin\VCRUNTIME140.dll
0x00007ffd92b50000 - 0x00007ffd92d01000 	C:\Windows\System32\USER32.dll
0x00007ffd92440000 - 0x00007ffd92466000 	C:\Windows\System32\win32u.dll
0x00007ffd7b630000 - 0x00007ffd7b8c8000 	C:\Windows\WinSxS\amd64_microsoft.windows.common-controls_6595b64144ccf1df_6.0.22621.5124_none_270e8f4f7386d69d\COMCTL32.dll
0x00007ffd93860000 - 0x00007ffd93889000 	C:\Windows\System32\GDI32.dll
0x00007ffd92f20000 - 0x00007ffd92fc7000 	C:\Windows\System32\msvcrt.dll
0x00007ffd922a0000 - 0x00007ffd923bb000 	C:\Windows\System32\gdi32full.dll
0x00007ffd91d30000 - 0x00007ffd91dca000 	C:\Windows\System32\msvcp_win.dll
0x00007ffd92aa0000 - 0x00007ffd92ad1000 	C:\Windows\System32\IMM32.DLL
0x00007ffd6d6f0000 - 0x00007ffd6d6fc000 	C:\Program Files\Eclipse Adoptium\jdk-21.0.6.7-hotspot\bin\vcruntime140_1.dll
0x00007ffd22020000 - 0x00007ffd220ad000 	C:\Program Files\Eclipse Adoptium\jdk-21.0.6.7-hotspot\bin\msvcp140.dll
0x00007ffcd3ee0000 - 0x00007ffcd4c70000 	C:\Program Files\Eclipse Adoptium\jdk-21.0.6.7-hotspot\bin\server\jvm.dll
0x00007ffd94640000 - 0x00007ffd946f1000 	C:\Windows\System32\ADVAPI32.dll
0x00007ffd936a0000 - 0x00007ffd93748000 	C:\Windows\System32\sechost.dll
0x00007ffd92270000 - 0x00007ffd92298000 	C:\Windows\System32\bcrypt.dll
0x00007ffd944d0000 - 0x00007ffd945e4000 	C:\Windows\System32\RPCRT4.dll
0x00007ffd92d90000 - 0x00007ffd92e01000 	C:\Windows\System32\WS2_32.dll
0x00007ffd917b0000 - 0x00007ffd917fd000 	C:\Windows\SYSTEM32\POWRPROF.dll
0x00007ffd8ab40000 - 0x00007ffd8ab4a000 	C:\Windows\SYSTEM32\VERSION.dll
0x00007ffd862d0000 - 0x00007ffd86304000 	C:\Windows\SYSTEM32\WINMM.dll
0x00007ffd91790000 - 0x00007ffd917a3000 	C:\Windows\SYSTEM32\UMPDC.dll
0x00007ffd908f0000 - 0x00007ffd90908000 	C:\Windows\SYSTEM32\kernel.appcore.dll
0x00007ffd6a6d0000 - 0x00007ffd6a6da000 	C:\Program Files\Eclipse Adoptium\jdk-21.0.6.7-hotspot\bin\jimage.dll
0x00007ffd85740000 - 0x00007ffd85972000 	C:\Windows\SYSTEM32\DBGHELP.DLL
0x00007ffd94130000 - 0x00007ffd944c2000 	C:\Windows\System32\combase.dll
0x00007ffd929c0000 - 0x00007ffd92a97000 	C:\Windows\System32\OLEAUT32.dll
0x00007ffd73170000 - 0x00007ffd731a2000 	C:\Windows\SYSTEM32\dbgcore.DLL
0x00007ffd923c0000 - 0x00007ffd9243b000 	C:\Windows\System32\bcryptPrimitives.dll
0x00007ffd61c70000 - 0x00007ffd61c8f000 	C:\Program Files\Eclipse Adoptium\jdk-21.0.6.7-hotspot\bin\java.dll
0x00007ffd93890000 - 0x00007ffd94126000 	C:\Windows\System32\SHELL32.dll
0x00007ffd91bf0000 - 0x00007ffd91d2f000 	C:\Windows\System32\wintypes.dll
0x00007ffd8f7e0000 - 0x00007ffd900fa000 	C:\Windows\SYSTEM32\windows.storage.dll
0x00007ffd93750000 - 0x00007ffd9385a000 	C:\Windows\System32\SHCORE.dll
0x00007ffd92ae0000 - 0x00007ffd92b43000 	C:\Windows\System32\shlwapi.dll
0x00007ffd91810000 - 0x00007ffd9183b000 	C:\Windows\SYSTEM32\profapi.dll
0x00007ffd69160000 - 0x00007ffd69170000 	C:\Program Files\Eclipse Adoptium\jdk-21.0.6.7-hotspot\bin\net.dll
0x00007ffd8d7f0000 - 0x00007ffd8d91c000 	C:\Windows\SYSTEM32\WINHTTP.dll
0x00007ffd90d70000 - 0x00007ffd90dda000 	C:\Windows\system32\mswsock.dll
0x00007ffd5cf40000 - 0x00007ffd5cf56000 	C:\Program Files\Eclipse Adoptium\jdk-21.0.6.7-hotspot\bin\nio.dll
0x00007ffd5cf20000 - 0x00007ffd5cf38000 	C:\Program Files\Eclipse Adoptium\jdk-21.0.6.7-hotspot\bin\zip.dll
0x00007ffd683d0000 - 0x00007ffd683de000 	C:\Program Files\Eclipse Adoptium\jdk-21.0.6.7-hotspot\bin\sunmscapi.dll
0x00007ffd91a80000 - 0x00007ffd91be7000 	C:\Windows\System32\CRYPT32.dll
0x00007ffd911a0000 - 0x00007ffd911cd000 	C:\Windows\SYSTEM32\ncrypt.dll
0x00007ffd91110000 - 0x00007ffd91147000 	C:\Windows\SYSTEM32\NTASN1.dll
0x00007ffd90fd0000 - 0x00007ffd90feb000 	C:\Windows\SYSTEM32\CRYPTSP.dll
0x00007ffd90850000 - 0x00007ffd90887000 	C:\Windows\system32\rsaenh.dll
0x00007ffd90e60000 - 0x00007ffd90e88000 	C:\Windows\SYSTEM32\USERENV.dll
0x00007ffd90fc0000 - 0x00007ffd90fcc000 	C:\Windows\SYSTEM32\CRYPTBASE.dll
0x00007ffd903a0000 - 0x00007ffd903cd000 	C:\Windows\SYSTEM32\IPHLPAPI.DLL
0x00007ffd92f10000 - 0x00007ffd92f19000 	C:\Windows\System32\NSI.dll
0x00007ffd67450000 - 0x00007ffd6745a000 	C:\Program Files\Eclipse Adoptium\jdk-21.0.6.7-hotspot\bin\management.dll
0x00007ffd67400000 - 0x00007ffd6740b000 	C:\Program Files\Eclipse Adoptium\jdk-21.0.6.7-hotspot\bin\management_ext.dll
0x00007ffd93530000 - 0x00007ffd93538000 	C:\Windows\System32\PSAPI.DLL
0x00007ffd690e0000 - 0x00007ffd690f0000 	C:\Program Files\Eclipse Adoptium\jdk-21.0.6.7-hotspot\bin\verify.dll
0x00007ffd903d0000 - 0x00007ffd904d2000 	C:\Windows\SYSTEM32\DNSAPI.dll
0x00007ffd8aee0000 - 0x00007ffd8aeea000 	C:\Windows\System32\rasadhlp.dll
0x00007ffd8b0c0000 - 0x00007ffd8b143000 	C:\Windows\System32\fwpuclnt.dll
0x00007ffd63320000 - 0x00007ffd63329000 	C:\Program Files\Eclipse Adoptium\jdk-21.0.6.7-hotspot\bin\extnet.dll

dbghelp: loaded successfully - version: 4.0.5 - missing functions: none
symbol engine: initialized successfully - sym options: 0x614 - pdb path: .;C:\Program Files\Eclipse Adoptium\jdk-21.0.6.7-hotspot\bin;C:\Windows\SYSTEM32;C:\Windows\WinSxS\amd64_microsoft.windows.common-controls_6595b64144ccf1df_6.0.22621.5124_none_270e8f4f7386d69d;C:\Program Files\Eclipse Adoptium\jdk-21.0.6.7-hotspot\bin\server

VM Arguments:
jvm_args: -XX:TieredStopAtLevel=1 
java_command: com.dailyapp.loginapp.LoginappApplication
java_class_path (initial): C:\Users\sebas\OneDrive\Documentos\Sena\Daily app Proyect\SpringBoot\loginapp\target\classes;C:\Users\sebas\.m2\repository\org\springframework\boot\spring-boot\3.4.4\spring-boot-3.4.4.jar;C:\Users\sebas\.m2\repository\org\springframework\boot\spring-boot-autoconfigure\3.4.4\spring-boot-autoconfigure-3.4.4.jar;C:\Users\sebas\.m2\repository\ch\qos\logback\logback-classic\1.5.18\logback-classic-1.5.18.jar;C:\Users\sebas\.m2\repository\ch\qos\logback\logback-core\1.5.18\logback-core-1.5.18.jar;C:\Users\sebas\.m2\repository\org\apache\logging\log4j\log4j-to-slf4j\2.24.3\log4j-to-slf4j-2.24.3.jar;C:\Users\sebas\.m2\repository\org\apache\logging\log4j\log4j-api\2.24.3\log4j-api-2.24.3.jar;C:\Users\sebas\.m2\repository\org\slf4j\jul-to-slf4j\2.0.17\jul-to-slf4j-2.0.17.jar;C:\Users\sebas\.m2\repository\jakarta\annotation\jakarta.annotation-api\2.1.1\jakarta.annotation-api-2.1.1.jar;C:\Users\sebas\.m2\repository\org\yaml\snakeyaml\2.3\snakeyaml-2.3.jar;C:\Users\sebas\.m2\repository\com\zaxxer\HikariCP\5.1.0\HikariCP-5.1.0.jar;C:\Users\sebas\.m2\repository\org\springframework\spring-jdbc\6.2.5\spring-jdbc-6.2.5.jar;C:\Users\sebas\.m2\repository\org\hibernate\orm\hibernate-core\6.6.11.Final\hibernate-core-6.6.11.Final.jar;C:\Users\sebas\.m2\repository\jakarta\persistence\jakarta.persistence-api\3.1.0\jakarta.persistence-api-3.1.0.jar;C:\Users\sebas\.m2\repository\jakarta\transaction\jakarta.transaction-api\2.0.1\jakarta.transaction-api-2.0.1.jar;C:\Users\sebas\.m2\repository\org\jboss\logging\jboss-logging\3.6.1.Final\jboss-logging-3.6.1.Final.jar;C:\Users\sebas\.m2\repository\org\hibernate\common\hibernate-commons-annotations\7.0.3.Final\hibernate-commons-annotations-7.0.3.Final.jar;C:\Users\sebas\.m2\repository\io\smallrye\jandex\3.2.0\jandex-3.2.0.jar;C:\Users\sebas\.m2\repository\com\fasterxml\classmate\1.7.0\classmate-1.7.0.jar;C:\Users\sebas\.m2\repository\net\bytebuddy\byte-buddy\1.15.11\byte-buddy-1.15.11.jar;C:\Users\sebas\.m2\repository\org\glassfish\jaxb\jaxb-runtime\4.0.5\jaxb-runtime-4.0.5.jar;C:\Users\sebas\.m2\repository\org\glassfish\jaxb\jaxb-core\4.0.5\jaxb-core-4.0.5.jar;C:\Users\sebas\.m2\repository\org\eclipse\angus\angus-activation\2.0.2\angus-activation-2.0.2.jar;C:\Users\sebas\.m2\repository\org\glassfish\jaxb\txw2\4.0.5\txw2-4.0.5.jar;C:\Users\sebas\.m2\repository\com\sun\istack\istack-commons-runtime\4.1.2\istack-commons-runtime-4.1.2.jar;C:\Users\sebas\.m2\repository\jakarta\inject\jakarta.inject-api\2.0.1\jakarta.inject-api-2.0.1.jar;C:\Users\sebas\.m2\repository\org\antlr\antlr4-runtime\4.13.0\antlr4-runtime-4.13.0.jar;C:\Users\sebas\.m2\repository\org\springframework\data\spring-data-jpa\3.4.4\spring-data-jpa-3.4.4.jar;C:\Users\sebas\.m2\repository\org\springframework\data\spring-data-commons\3.4.4\spring-data-commons-3.4.4.jar;C:\Users\sebas\.m2\repository\org\springframework\spring-orm\6.2.5\spring-orm-6.2.5.jar;C:\Users\sebas\.m2\repository\org\springframework\spring-context\6.2.5\spring-context-6.2.5.jar;C:\Users\sebas\.m2\repository\org\springframework\spring-tx\6.2.5\spring-tx-6.2.5.jar;C:\Users\sebas\.m2\repository\org\springframework\spring-beans\6.2.5\spring-beans-6.2.5.jar;C:\Users\sebas\.m2\repository\org\slf4j\slf4j-api\2.0.17\slf4j-api-2.0.17.jar;C:\Users\sebas\.m2\repository\org\springframework\spring-aspects\6.2.5\spring-aspects-6.2.5.jar;C:\Users\sebas\.m2\repository\org\aspectj\aspectjweaver\1.9.23\aspectjweaver-1.9.23.jar;C:\Users\sebas\.m2\repository\org\springframework\security\spring-security-config\6.4.4\spring-security-config-6.4.4.jar;C:\Users\sebas\.m2\repository\org\springframework\security\spring-security-core\6.4.4\spring-security-core-6.4.4.jar;C:\Users\sebas\.m2\repository\org\springframework\security\spring-security-crypto\6.4.4\spring-security-crypto-6.4.4.jar;C:\Users\sebas\.m2\repository\org\springframework\spring-expression\6.2.5\spring-expression-6.2.5.jar;C:\Users\sebas\.m2\repository\io\micrometer\micrometer-observation\1.14.5\micrometer-observation-1.14.5.jar;C:\Users\sebas\.m2\repository\io\micrometer\micrometer-commons\1.14.5\micrometer-commons-1.14.5.jar;C:\Users\sebas\.m2\repository\org\springframework\security\spring-security-oauth2-client\6.4.4\spring-security-oauth2-client-6.4.4.jar;C:\Users\sebas\.m2\repository\org\springframework\security\spring-security-oauth2-core\6.4.4\spring-security-oauth2-core-6.4.4.jar;C:\Users\sebas\.m2\repository\com\nimbusds\oauth2-oidc-sdk\9.43.6\oauth2-oidc-sdk-9.43.6.jar;C:\Users\sebas\.m2\repository\com\github\stephenc\jcip\jcip-annotations\1.0-1\jcip-annotations-1.0-1.jar;C:\Users\sebas\.m2\repository\com\nimbusds\content-type\2.2\content-type-2.2.jar;C:\Users\sebas\.m2\repository\com\nimbusds\lang-tag\1.7\lang-tag-1.7.jar;C:\Users\sebas\.m2\repository\org\springframework\security\spring-security-oauth2-jose\6.4.4\spring-security-oauth2-jose-6.4.4.jar;C:\Users\sebas\.m2\repository\com\nimbusds\nimbus-jose-jwt\9.37.3\nimbus-jose-jwt-9.37.3.jar;C:\Users\sebas\.m2\repository\com\fasterxml\jackson\core\jackson-databind\2.18.3\jackson-databind-2.18.3.jar;C:\Users\sebas\.m2\repository\com\fasterxml\jackson\core\jackson-annotations\2.18.3\jackson-annotations-2.18.3.jar;C:\Users\sebas\.m2\repository\com\fasterxml\jackson\core\jackson-core\2.18.3\jackson-core-2.18.3.jar;C:\Users\sebas\.m2\repository\com\fasterxml\jackson\datatype\jackson-datatype-jdk8\2.18.3\jackson-datatype-jdk8-2.18.3.jar;C:\Users\sebas\.m2\repository\com\fasterxml\jackson\datatype\jackson-datatype-jsr310\2.18.3\jackson-datatype-jsr310-2.18.3.jar;C:\Users\sebas\.m2\repository\com\fasterxml\jackson\module\jackson-module-parameter-names\2.18.3\jackson-module-parameter-names-2.18.3.jar;C:\Users\sebas\.m2\repository\org\apache\tomcat\embed\tomcat-embed-core\10.1.39\tomcat-embed-core-10.1.39.jar;C:\Users\sebas\.m2\repository\org\apache\tomcat\embed\tomcat-embed-el\10.1.39\tomcat-embed-el-10.1.39.jar;C:\Users\sebas\.m2\repository\org\apache\tomcat\embed\tomcat-embed-websocket\10.1.39\tomcat-embed-websocket-10.1.39.jar;C:\Users\sebas\.m2\repository\org\springframework\spring-web\6.2.5\spring-web-6.2.5.jar;C:\Users\sebas\.m2\repository\org\springframework\spring-webmvc\6.2.5\spring-webmvc-6.2.5.jar;C:\Users\sebas\.m2\repository\com\mysql\mysql-connector-j\9.1.0\mysql-connector-j-9.1.0.jar;C:\Users\sebas\.m2\repository\jakarta\xml\bind\jakarta.xml.bind-api\4.0.2\jakarta.xml.bind-api-4.0.2.jar;C:\Users\sebas\.m2\repository\jakarta\activation\jakarta.activation-api\2.1.3\jakarta.activation-api-2.1.3.jar;C:\Users\sebas\.m2\repository\net\minidev\json-smart\2.5.2\json-smart-2.5.2.jar;C:\Users\sebas\.m2\repository\net\minidev\accessors-smart\2.5.2\accessors-smart-2.5.2.jar;C:\Users\sebas\.m2\repository\org\ow2\asm\asm\9.7.1\asm-9.7.1.jar;C:\Users\sebas\.m2\repository\org\springframework\spring-core\6.2.5\spring-core-6.2.5.jar;C:\Users\sebas\.m2\repository\org\springframework\spring-jcl\6.2.5\spring-jcl-6.2.5.jar;C:\Users\sebas\.m2\repository\org\springframework\security\spring-security-web\6.4.4\spring-security-web-6.4.4.jar;C:\Users\sebas\.m2\repository\org\springframework\spring-aop\6.2.5\spring-aop-6.2.5.jar
Launcher Type: SUN_STANDARD

[Global flags]
     intx CICompilerCount                          = 4                                         {product} {ergonomic}
     uint ConcGCThreads                            = 3                                         {product} {ergonomic}
     uint G1ConcRefinementThreads                  = 10                                        {product} {ergonomic}
   size_t G1HeapRegionSize                         = 2097152                                   {product} {ergonomic}
    uintx GCDrainStackTargetSize                   = 64                                        {product} {ergonomic}
   size_t InitialHeapSize                          = 268435456                                 {product} {ergonomic}
   size_t MarkStackSize                            = 4194304                                   {product} {ergonomic}
   size_t MaxHeapSize                              = 4273995776                                {product} {ergonomic}
   size_t MaxNewSize                               = 2562719744                                {product} {ergonomic}
   size_t MinHeapDeltaBytes                        = 2097152                                   {product} {ergonomic}
   size_t MinHeapSize                              = 8388608                                   {product} {ergonomic}
    uintx NonNMethodCodeHeapSize                   = 4096                                   {pd product} {ergonomic}
    uintx NonProfiledCodeHeapSize                  = 0                                      {pd product} {ergonomic}
     bool ProfileInterpreter                       = false                                  {pd product} {command line}
    uintx ProfiledCodeHeapSize                     = 0                                      {pd product} {ergonomic}
   size_t SoftMaxHeapSize                          = 4273995776                             {manageable} {ergonomic}
     intx TieredStopAtLevel                        = 1                                         {product} {command line}
     bool UseCompressedOops                        = true                           {product lp64_product} {ergonomic}
     bool UseG1GC                                  = true                                      {product} {ergonomic}
     bool UseLargePagesIndividualAllocation        = false                                  {pd product} {ergonomic}

Logging:
Log output configuration:
 #0: stdout all=warning uptime,level,tags foldmultilines=false
 #1: stderr all=off uptime,level,tags foldmultilines=false

Environment Variables:
PATH=C:\Program Files\Eclipse Adoptium\jdk-21.0.6.7-hotspot\bin;C:\Program Files\Common Files\Oracle\Java\javapath;C:\Windows\system32;C:\Windows;C:\Windows\System32\Wbem;C:\Windows\System32\WindowsPowerShell\v1.0\;C:\Windows\System32\OpenSSH\;C:\Program Files (x86)\NVIDIA Corporation\PhysX\Common;C:\Program Files\dotnet\;C:\Program Files\NVIDIA Corporation\NVIDIA app\NvDLISR;C:\Program Files\GitHub CLI\;C:\Program Files\Git\cmd;C:\Program Files\nodejs\;C:\Users\sebas\OneDrive\Documentos\Sena\Daily app Proyect\apache-maven-3.9.9\bin;C:\Users\sebas\AppData\Local\Microsoft\WindowsApps;C:\Users\sebas\AppData\Local\Programs\Microsoft VS Code\bin;C:\Users\sebas\AppData\Local\GitHubDesktop\bin;C:\Users\sebas\AppData\Roaming\npm
USERNAME=sebas
LANG=en_US.UTF-8
OS=Windows_NT
PROCESSOR_IDENTIFIER=AMD64 Family 23 Model 113 Stepping 0, AuthenticAMD
TMP=C:\Users\sebas\AppData\Local\Temp
TEMP=C:\Users\sebas\AppData\Local\Temp




Periodic native trim disabled

---------------  S Y S T E M  ---------------

OS:
 Windows 11 , 64 bit Build 22621 (10.0.22621.5124)
OS uptime: 0 days 0:18 hours

CPU: total 12 (initial active 12) (12 cores per cpu, 2 threads per core) family 23 model 113 stepping 0 microcode 0x0, cx8, cmov, fxsr, ht, mmx, 3dnowpref, sse, sse2, sse3, ssse3, sse4a, sse4.1, sse4.2, popcnt, lzcnt, tsc, tscinvbit, avx, avx2, aes, clmul, bmi1, bmi2, adx, sha, fma, vzeroupper, clflush, clflushopt, rdtscp, rdpid, f16c
Processor Information for the first 12 processors :
  Max Mhz: 3801, Current Mhz: 3801, Mhz Limit: 3801

Memory: 4k page, system-wide physical 16296M (7357M free)
TotalPageFile size 22952M (AvailPageFile size 9559M)
current process WorkingSet (physical memory assigned to process): 183M, peak: 183M
current process commit charge ("private bytes"): 226M, peak: 377M

vm_info: OpenJDK 64-Bit Server VM (21.0.6+7-LTS) for windows-amd64 JRE (21.0.6+7-LTS), built on 2025-01-21T00:00:00Z by "admin" with MS VC++ 17.7 (VS2022)

END.
